"../../../../../../Users/jpave/Documents/Joaco/Proyectos/SpectatorB/Content/Mannequin/Character/Mesh/SK_Mannequin_PhysicsAsset.uasset" 0
"../../../../../../Users/jpave/Documents/Joaco/Proyectos/SpectatorB/Content/Mannequin/Character/Textures/T_UE4Logo_N.uasset" 1
"../../../../../../Users/jpave/Documents/Joaco/Proyectos/SpectatorB/Content/Mannequin/Character/Textures/T_UE4Logo_Mask.uasset" 2
"../../../../../../Users/jpave/Documents/Joaco/Proyectos/SpectatorB/Content/Mannequin/Character/Textures/T_Male_N.uasset" 3
"../../../../../../Users/jpave/Documents/Joaco/Proyectos/SpectatorB/Content/Mannequin/Character/Textures/T_Male_Mask.uasset" 4
"../../../../../../Users/jpave/Documents/Joaco/Proyectos/SpectatorB/Content/Mannequin/Character/Materials/MaterialLayers/T_ML_Rubber_Blue_01_N.uasset" 5
"../../../../../../Users/jpave/Documents/Joaco/Proyectos/SpectatorB/Content/Mannequin/Character/Materials/MaterialLayers/T_ML_Rubber_Blue_01_D.uasset" 6
"../../../../../../Users/jpave/Documents/Joaco/Proyectos/SpectatorB/Content/Mannequin/Character/Materials/MaterialLayers/T_ML_Aluminum01_N.uasset" 7
"../../../../../../Users/jpave/Documents/Joaco/Proyectos/SpectatorB/Content/Mannequin/Character/Materials/MaterialLayers/T_ML_Aluminum01.uasset" 8
"../../../../../../Users/jpave/Documents/Joaco/Proyectos/SpectatorB/Content/Mannequin/Character/Materials/MaterialLayers/ML_SoftMetal_UE4.uasset" 9
"../../../../../../Users/jpave/Documents/Joaco/Proyectos/SpectatorB/Content/Mannequin/Character/Materials/MaterialLayers/ML_Plastic_Shiny_Beige_LOGO.uasset" 10
"../../../../../../Users/jpave/Documents/Joaco/Proyectos/SpectatorB/Content/Mannequin/Character/Materials/MaterialLayers/ML_Plastic_Shiny_Beige.uasset" 11
"../../../../../../Users/jpave/Documents/Joaco/Proyectos/SpectatorB/Content/Mannequin/Character/Materials/MaterialLayers/ML_GlossyBlack_Latex_UE4.uasset" 12
"../../../Engine/Content/Functions/MaterialLayerFunctions/MatLayerBlend_Simple.uasset" 13
"../../../Engine/Content/Functions/Engine_MaterialFunctions02/Utility/BlendAngleCorrectedNormals.uasset" 14
"../../../Engine/Content/Functions/MaterialLayerFunctions/MatLayerBlend_NormalBlend.uasset" 15
"../../../../../../Users/jpave/Documents/Joaco/Proyectos/SpectatorB/Content/Mannequin/Character/Materials/M_Male_Body.uasset" 16
"../../../../../../Users/jpave/Documents/Joaco/Proyectos/SpectatorB/Content/Mannequin/Character/Materials/M_UE4Man_ChestLogo.uasset" 17
"../../../../../../Users/jpave/Documents/Joaco/Proyectos/SpectatorB/Content/Mannequin/Character/Mesh/UE4_Mannequin_Skeleton.uasset" 18
"../../../../../../Users/jpave/Documents/Joaco/Proyectos/SpectatorB/Content/Mannequin/Character/Mesh/SK_Mannequin.uasset" 19
"../../../Engine/Content/EditorBlueprintResources/StandardMacros.uasset" 20
"../../../../../../Users/jpave/Documents/Joaco/Proyectos/SpectatorB/Content/Mannequin/Animations/ThirdPersonWalk.uasset" 21
"../../../../../../Users/jpave/Documents/Joaco/Proyectos/SpectatorB/Content/Mannequin/Animations/ThirdPersonRun.uasset" 22
"../../../../../../Users/jpave/Documents/Joaco/Proyectos/SpectatorB/Content/Mannequin/Animations/ThirdPersonIdle.uasset" 23
"../../../../../../Users/jpave/Documents/Joaco/Proyectos/SpectatorB/Content/Mannequin/Animations/ThirdPerson_IdleRun_2D.uasset" 24
"../../../../../../Users/jpave/Documents/Joaco/Proyectos/SpectatorB/Content/Mannequin/Animations/ThirdPerson_Jump.uasset" 25
"../../../../../../Users/jpave/Documents/Joaco/Proyectos/SpectatorB/Content/Mannequin/Animations/ThirdPersonJump_Start.uasset" 26
"../../../../../../Users/jpave/Documents/Joaco/Proyectos/SpectatorB/Content/Mannequin/Animations/ThirdPersonJump_Loop.uasset" 27
"../../../../../../Users/jpave/Documents/Joaco/Proyectos/SpectatorB/Content/Mannequin/Animations/ThirdPerson_AnimBP.uasset" 28
"../../../../../../Users/jpave/Documents/Joaco/Proyectos/SpectatorB/Content/ThirdPersonBP/Blueprints/ThirdPersonCharacter.uasset" 29
"../../../../../../Users/jpave/Documents/Joaco/Proyectos/SpectatorB/Content/ThirdPersonBP/Blueprints/ThirdPersonGameMode.uasset" 30
"../../../Engine/Content/Animation/DefaultAnimCurveCompressionSettings.uasset" 31
"../../../Engine/Content/EngineMaterials/T_Default_Material_Grid_N.uasset" 32
"../../../Engine/Content/EngineMaterials/T_Default_Material_Grid_M.uasset" 33
"../../../Engine/Content/Functions/Engine_MaterialFunctions01/Opacity/CameraDepthFade.uasset" 34
"../../../Engine/Content/EngineMaterials/WorldGridMaterial.uasset" 35
"../../../Engine/Content/ArtTools/RenderToTexture/Meshes/S_1_Unit_Plane.uasset" 36
"../../../Engine/Content/EngineMaterials/DefaultMaterial.uasset" 37
"../../../Engine/Content/BasicShapes/Cone.uasset" 38
"../../../Engine/Content/BasicShapes/Sphere.uasset" 39
"../../../Engine/Content/EditorLandscapeResources/DataLayer.uasset" 40
"../../../Engine/Content/EditorLandscapeResources/DefaultAlphaTexture.uasset" 41
"../../../Engine/Content/EditorMaterials/MAT_Groups_Toggle.uasset" 42
"../../../Engine/Content/EditorMaterials/MAT_Groups_Visibility.uasset" 43
"../../../Engine/Content/EditorMaterials/PreviewShadowIndicator.uasset" 44
"../../../Engine/Content/EditorMaterials/PreviewShadowIndicatorMaterial.uasset" 45
"../../../Engine/Content/EditorMaterials/MatineeGroups/MAT_ColorTrack.uasset" 46
"../../../Engine/Content/EditorMaterials/MatineeGroups/MAT_Groups_Anim.uasset" 47
"../../../Engine/Content/EditorMaterials/MatineeGroups/MAT_Groups_AudioMaster.uasset" 48
"../../../Engine/Content/EditorMaterials/MatineeGroups/MAT_Groups_Director.uasset" 49
"../../../Engine/Content/EditorMaterials/MatineeGroups/MAT_Groups_Event.uasset" 50
"../../../Engine/Content/EditorMaterials/MatineeGroups/MAT_Groups_Fade.uasset" 51
"../../../Engine/Content/EditorMaterials/MatineeGroups/MAT_Groups_Float.uasset" 52
"../../../Engine/Content/EditorMaterials/MatineeGroups/MAT_Groups_Move.uasset" 53
"../../../Engine/Content/EditorMaterials/MatineeGroups/MAT_Groups_Slomo.uasset" 54
"../../../Engine/Content/EditorMaterials/MatineeGroups/MAT_Groups_Sound.uasset" 55
"../../../Engine/Content/EditorMaterials/MatineeGroups/MAT_Groups_Vector.uasset" 56
"../../../Engine/Content/EditorMaterials/ParticleSystems/PSysThumbnail_NoImage.uasset" 57
"../../../Engine/Content/EditorMaterials/ParticleSystems/PSysThumbnail_OOD.uasset" 58
"../../../Engine/Content/EditorMaterials/Camera/CineMat.uasset" 59
"../../../Engine/Content/EditorMaterials/Camera/MI_CineMat_Rig.uasset" 60
"../../../Engine/Content/EditorMeshes/Camera/SM_CraneRig_Arm.uasset" 61
"../../../Engine/Content/EditorMeshes/Camera/SM_CraneRig_Base.uasset" 62
"../../../Engine/Content/EditorMeshes/Camera/SM_CraneRig_Body.uasset" 63
"../../../Engine/Content/EditorMeshes/Camera/SM_CraneRig_Mount.uasset" 64
"../../../Engine/Content/EditorMeshes/Camera/SM_RailRig_Mount.uasset" 65
"../../../Engine/Content/EditorMeshes/Camera/SM_RailRig_Track.uasset" 66
"../../../Engine/Content/EditorResources/BSPVertex.uasset" 67
"../../../Engine/Content/EditorResources/EmptyActor.uasset" 68
"../../../Engine/Content/EditorResources/S_Actor.uasset" 69
"../../../Engine/Content/EditorResources/S_Note.uasset" 70
"../../../Engine/Content/EditorResources/S_Solver.uasset" 71
"../../../Engine/Content/EditorResources/S_Terrain.uasset" 72
"../../../Engine/Content/EditorResources/S_Trigger.uasset" 73
"../../../Engine/Content/EditorResources/LightIcons/S_LightError.uasset" 74
"../../../Engine/Content/EditorResources/SequenceRecorder/Countdown.uasset" 75
"../../../Engine/Content/EditorResources/SequenceRecorder/RecordingIndicator.uasset" 76
"../../../Engine/Content/EngineDamageTypes/DmgTypeBP_Environmental.uasset" 77
"../../../Engine/Content/EngineDebugMaterials/DebugEditorMaterial.uasset" 78
"../../../Engine/Content/EngineDebugMaterials/DebugMeshMaterial.uasset" 79
"../../../Engine/Content/EngineDebugMaterials/M_SimpleUnlitTranslucent.uasset" 80
"../../../Engine/Content/EngineDebugMaterials/VolumeToRender.uasset" 81
"../../../Engine/Content/Functions/Engine_MaterialFunctions02/Utility/CameraDirectionVector.uasset" 82
"../../../Engine/Content/EngineDebugMaterials/M_VolumeRenderSphereTracePP.uasset" 83
"../../../Engine/Content/Functions/Engine_MaterialFunctions01/Shading/ConvertFromDiffSpec.uasset" 84
"../../../Engine/Content/EngineDebugMaterials/VertexColorMaterial.uasset" 85
"../../../Engine/Content/EngineDebugMaterials/WireframeMaterial.uasset" 86
"../../../Engine/Content/EngineFonts/Faces/RobotoRegular.uasset" 87
"../../../Engine/Content/EngineFonts/Faces/RobotoLight.uasset" 88
"../../../Engine/Content/EngineFonts/Faces/RobotoItalic.uasset" 89
"../../../Engine/Content/EngineFonts/Faces/RobotoBoldItalic.uasset" 90
"../../../Engine/Content/EngineFonts/Faces/RobotoBold.uasset" 91
"../../../Engine/Content/EngineFonts/Faces/DroidSansFallback.uasset" 92
"../../../Engine/Content/EngineFonts/Roboto.uasset" 93
"../../../Engine/Content/EngineMaterials/BaseFlattenNormalMap.uasset" 94
"../../../Engine/Content/EngineMaterials/BaseFlattenGrayscaleMap.uasset" 95
"../../../Engine/Content/EngineMaterials/BaseFlattenEmissiveMap.uasset" 96
"../../../Engine/Content/EngineMaterials/BaseFlattenDiffuseMap.uasset" 97
"../../../Engine/Content/EngineMaterials/BaseFlattenMaterial.uasset" 98
"../../../Engine/Content/EngineMaterials/BlueNoise.uasset" 99
"../../../Engine/Content/EngineMaterials/DefaultBloomKernel.uasset" 100
"../../../Engine/Content/EngineMaterials/DefaultBokeh.uasset" 101
"../../../Engine/Content/EngineMaterials/DefaultDiffuse.uasset" 102
"../../../Engine/Content/EngineMaterials/DefaultDeferredDecalMaterial.uasset" 103
"../../../Engine/Content/EngineMaterials/DefaultLightFunctionMaterial.uasset" 104
"../../../Engine/Content/EngineMaterials/DefaultPhysicalMaterial.uasset" 105
"../../../Engine/Content/Functions/Engine_MaterialFunctions02/Utility/BreakOutFloat2Components.uasset" 106
"../../../Engine/Content/EngineMaterials/DefaultPostProcessMaterial.uasset" 107
"../../../Engine/Content/EngineFonts/RobotoDistanceField.uasset" 108
"../../../Engine/Content/EngineMaterials/DefaultTextMaterialOpaque.uasset" 109
"../../../Engine/Content/EngineMaterials/DefaultWhiteGrid.uasset" 110
"../../../Engine/Content/EngineMaterials/DefaultWhiteGrid_Low.uasset" 111
"../../../Engine/Content/EngineMaterials/EmissiveMeshMaterial.uasset" 112
"../../../Engine/Content/EngineMaterials/GizmoMaterial.uasset" 113
"../../../Engine/Content/EngineMaterials/Good64x64TilingNoiseHighFreq.uasset" 114
"../../../Engine/Content/EngineMaterials/MiniFont.uasset" 115
"../../../Engine/Content/EngineMaterials/InvalidLightmapSettings.uasset" 116
"../../../Engine/Content/EngineMaterials/M_InvalidLightmapSettings.uasset" 117
"../../../Engine/Content/Functions/Engine_MaterialFunctions02/WorldPositionOffset/CameraOffset.uasset" 118
"../../../Engine/Content/EngineMaterials/PhAT_JointLimitMaterial.uasset" 119
"../../../Engine/Content/EngineMaterials/PreintegratedSkinBRDF.uasset" 120
"../../../Engine/Content/EngineMaterials/RemoveSurfaceMaterial.uasset" 121
"../../../Engine/Content/EngineMaterials/WeightMapPlaceholderTexture.uasset" 122
"../../../Engine/Content/EngineResources/WhiteSquareTexture.uasset" 123
"../../../Engine/Content/EngineMaterials/Widget3DPassThrough.uasset" 124
"../../../Engine/Content/EngineMaterials/Widget3DPassThrough_Masked.uasset" 125
"../../../Engine/Content/EngineMaterials/Widget3DPassThrough_Opaque.uasset" 126
"../../../Engine/Content/EngineMaterials/Widget3DPassThrough_Masked_OneSided.uasset" 127
"../../../Engine/Content/EngineMaterials/Widget3DPassThrough_Opaque_OneSided.uasset" 128
"../../../Engine/Content/EngineMaterials/Widget3DPassThrough_Translucent.uasset" 129
"../../../Engine/Content/EngineMaterials/Widget3DPassThrough_Translucent_OneSided.uasset" 130
"../../../Engine/Content/EngineMeshes/Cylinder.uasset" 131
"../../../Engine/Content/EngineMeshes/Sphere.uasset" 132
"../../../Engine/Content/EngineResources/DefaultTextureCube.uasset" 133
"../../../Engine/Content/EngineResources/DefaultVolumeTexture2D.uasset" 134
"../../../Engine/Content/EngineResources/DefaultVolumeTexture.uasset" 135
"../../../Engine/Content/EngineResources/GradientTexture0.uasset" 136
"../../../Engine/Content/EngineSky/VolumetricClouds/T_NoiseShape64.uasset" 137
"../../../Engine/Content/EngineSky/VolumetricClouds/T_VolumeNoiseShape64.uasset" 138
"../../../Engine/Content/EngineSky/VolumetricClouds/T_NoiseErosion.uasset" 139
"../../../Engine/Content/EngineSky/VolumetricClouds/T_VolumeNoiseErosion32.uasset" 140
"../../../Engine/Content/Functions/Engine_MaterialFunctions02/Utility/MakeFloat2.uasset" 141
"../../../Engine/Content/EngineSky/VolumetricClouds/CloudWeatherTexture.uasset" 142
"../../../Engine/Content/EngineSky/VolumetricClouds/CloudGradientTexture.uasset" 143
"../../../Engine/Content/EngineSky/VolumetricClouds/m_SimpleVolumetricCloud.uasset" 144
"../../../Engine/Content/EngineSky/VolumetricClouds/m_SimpleVolumetricCloud_Inst.uasset" 145
"../../../Engine/Content/EngineSounds/Master.uasset" 146
"../../../Engine/Content/Functions/Engine_MaterialFunctions01/Shading/PowerToRoughness.uasset" 147
"../../../Engine/Content/Maps/Templates/Thumbnails/Default.uasset" 148
"../../../Engine/Content/Maps/Templates/Thumbnails/TimeOfDay.uasset" 149
"../../../Engine/Content/Maps/Templates/Thumbnails/VR-Basic.uasset" 150
"../../../Engine/Content/MobileResources/T_MobileControls_texture.uasset" 151
"../../../Engine/Content/MobileResources/T_MobileMenu2.uasset" 152
"../../../Engine/Content/MobileResources/HUD/AnalogHat.uasset" 153
"../../../Engine/Content/MobileResources/HUD/VirtualJoystick_Thumb.uasset" 154
"../../../Engine/Content/MobileResources/HUD/VirtualJoystick_Background.uasset" 155
"../../../Engine/Content/MobileResources/HUD/DefaultVirtualJoysticks.uasset" 156
"../../../Engine/Content/MobileResources/HUD/LeftVirtualJoystickOnly.uasset" 157
"../../../Engine/Content/MobileResources/HUD/MobileHUDButton1_off.uasset" 158
"../../../Engine/Content/MobileResources/HUD/MobileHUDButton1_on.uasset" 159
"../../../Engine/Content/MobileResources/HUD/MobileHUDButton2_off.uasset" 160
"../../../Engine/Content/MobileResources/HUD/MobileHUDButton2_on.uasset" 161
"../../../Engine/Content/MobileResources/HUD/MobileHUDButton3.uasset" 162
"../../../Engine/Content/MobileResources/HUD/MobileHUDButtonFire.uasset" 163
"../../../Engine/Content/MobileResources/HUD/MobileHUDDirectionPad.uasset" 164
"../../../Engine/Content/MobileResources/HUD/MobileHUDDirectionPad2.uasset" 165
"../../../Engine/Content/MobileResources/HUD/MobileHUDDirectionPad3.uasset" 166
"../../../Engine/Content/MobileResources/HUD/MobileHUDDirectionStick.uasset" 167
"../../../Engine/Content/MobileResources/HUD/T_Castle_ThumbstickInner.uasset" 168
"../../../Engine/Content/MobileResources/HUD/T_Castle_ThumbstickOutter.uasset" 169
"../../../Engine/Content/Tutorial/ContentIntroCurve.uasset" 170
"../../../Engine/Content/Tutorial/Basics/LevelEditorAttract.uasset" 171
"../../../Engine/Content/Tutorial/Basics/TutorialAssets/icon_tab_Levels_40x.uasset" 172
"../../../Engine/Content/Tutorial/Basics/LevelEditorOverview.uasset" 173
"../../../Engine/Content/Tutorial/BlueprintTutorials/TutorialAssets/Blueprint_64x.uasset" 174
"../../../Engine/Content/Tutorial/BlueprintTutorials/BlueprintEditorTutorial.uasset" 175
"../../../Engine/Content/Tutorial/BlueprintTutorials/LevelBlueprintEditorOverview.uasset" 176
"../../../Engine/Content/Tutorial/Installation/InstallingVisualStudioTutorial.uasset" 177
"../../../Engine/Content/VREditor/TransformGizmo/TranslucentTransformGizmoMaterial.uasset" 178
"../../../Engine/Content/VREditor/LaserPointer/VR_LaserPower_01.uasset" 179
"../../../Engine/Content/VREditor/TransformGizmo/TransformGizmoMaterial.uasset" 180
"../../../Engine/Content/VREditor/TransformGizmo/BoundingBoxCorner.uasset" 181
"../../../Engine/Content/VREditor/TransformGizmo/BoundingBoxEdge.uasset" 182
"../../../Engine/Content/VREditor/TransformGizmo/PlaneTranslationHandle.uasset" 183
"../../../Engine/Content/VREditor/TransformGizmo/Xray.uasset" 184
"../../../Engine/Content/VREditor/TransformGizmo/Main.uasset" 185
"../../../Engine/Content/VREditor/TransformGizmo/SM_Sequencer_Key.uasset" 186
"../../../Engine/Content/VREditor/TransformGizmo/SM_Sequencer_Node.uasset" 187
"../../Plugins/2D/Paper2D/Content/PlaceholderTextures/DummySpriteTexture.uasset" 188
"../../Plugins/2D/Paper2D/Content/DummySprite.uasset" 189
"../../Plugins/2D/Paper2D/Content/DefaultPaperTerrainMaterial.uasset" 190
"../../Plugins/2D/Paper2D/Content/DefaultSpriteMaterial.uasset" 191
"../../Plugins/2D/Paper2D/Content/MaskedUnlitSpriteMaterial.uasset" 192
"../../Plugins/2D/Paper2D/Content/OpaqueUnlitSpriteMaterial.uasset" 193
"../../../Engine/Content/Functions/Engine_MaterialFunctions02/ObjectLocalBounds.uasset" 194
"../../../Engine/Content/Functions/Engine_MaterialFunctions02/Utility/BreakOutFloat3Components.uasset" 195
"../../Plugins/Editor/SpeedTreeImporter/Content/SpeedTree9/UnpackInteger3.uasset" 196
"../../Plugins/Editor/SpeedTreeImporter/Content/SpeedTree9/UnpackDirection.uasset" 197
"../../Plugins/Editor/SpeedTreeImporter/Content/SpeedTree9/game_wind_noise.uasset" 198
"../../../Engine/Content/Functions/Engine_MaterialFunctions02/SafeNormalize.uasset" 199
"../../Plugins/Editor/SpeedTreeImporter/Content/SpeedTree9/SpeedTreeWindMotion.uasset" 200
"../../Plugins/Editor/SpeedTreeImporter/Content/SpeedTree9/SpeedTreeBranchMotion.uasset" 201
"../../../Engine/Content/Functions/Engine_MaterialFunctions02/UVs/BoundingBoxBased_0-1_UVW.uasset" 202
"../../Plugins/Editor/SpeedTreeImporter/Content/SpeedTree9/SpeedTreeWind.uasset" 203
"../../Plugins/Editor/SpeedTreeImporter/Content/SpeedTree9/SpeedTreeBillboard.uasset" 204
"../../../Engine/Content/EngineResources/DefaultTexture.uasset" 205
"../../Plugins/Editor/SpeedTreeImporter/Content/SpeedTree9/SpeedTreeBillboardMaster.uasset" 206
"../../Plugins/Editor/SpeedTreeImporter/Content/SpeedTree9/SpeedTreeCameraFacing.uasset" 207
"../../Plugins/Editor/SpeedTreeImporter/Content/SpeedTree9/SpeedTreeMaster.uasset" 208
"../../../Engine/Content/ArtTools/RenderToTexture/Materials/Debug/M_Emissive_Color.uasset" 209
"../../../Engine/Content/BasicShapes/Cylinder.uasset" 210
"../../Plugins/Lumin/MagicLeapPassableWorld/Content/MagicLeapARPinInfoActor.uasset" 211
"../../../Engine/Content/Functions/Engine_MaterialFunctions02/Utility/MakeFloat3.uasset" 212
"../../../Engine/Content/Functions/Engine_MaterialFunctions02/Utility/BreakOutFloat4Components.uasset" 213
"../../Plugins/Runtime/Oculus/OculusVR/Content/Materials/OculusMR_ChromaKey.uasset" 214
"../../Plugins/Runtime/Oculus/OculusVR/Content/Materials/OculusMR_OpaqueColoredMaterial.uasset" 215
"../../Plugins/Runtime/Oculus/OculusVR/Content/Materials/PokeAHoleMaterial.uasset" 216
"../../../Engine/Content/BasicShapes/Plane.uasset" 217
"../../../Engine/Content/BasicShapes/Cube.uasset" 218
"../../../Engine/Content/BasicShapes/BasicShapeMaterial.uasset" 219
"../../../../../../Users/jpave/Documents/Joaco/Proyectos/SpectatorB/Content/Maps/Map3_BuiltData.uasset" 220
"../../../../../../Users/jpave/Documents/Joaco/Proyectos/SpectatorB/Content/Blueprints/Blueprints/Role.uasset" 221
"../../../../../../Users/jpave/Documents/Joaco/Proyectos/SpectatorB/Content/Blueprints/Blueprints/Player_Info.uasset" 222
"../../../../../../Users/jpave/Documents/Joaco/Proyectos/SpectatorB/Content/Blueprints/JsonUtils.uasset" 223
"../../../../../../Users/jpave/Documents/Joaco/Proyectos/SpectatorB/Content/OMPST_V2/Widgets/Effect/WG_HideEffect_1sec.uasset" 224
"../../../../../../Users/jpave/Documents/Joaco/Proyectos/SpectatorB/Content/OMPST_V2/Widgets/Effect/WG_Loading.uasset" 225
"../../../../../../Users/jpave/Documents/Joaco/Proyectos/SpectatorB/Content/OMPST_V2/Widgets/Menu/WG_Session.uasset" 226
"../../../../../../Users/jpave/Documents/Joaco/Proyectos/SpectatorB/Content/OMPST_V2/Widgets/Menu/WG_JoinGame.uasset" 227
"../../../../../../Users/jpave/Documents/Joaco/Proyectos/SpectatorB/Content/OMPST_V2/Blueprints/Instance/BP_OnlineInstance.uasset" 228
"../../../../../../Users/jpave/Documents/Joaco/Proyectos/SpectatorB/Content/OMPST_V2/Widgets/Menu/WG_CreateGame.uasset" 229
"../../../../../../Users/jpave/Documents/Joaco/Proyectos/SpectatorB/Content/OMPST_V2/Assets/Pictures/MenuLogo_02.uasset" 230
"../../../../../../Users/jpave/Documents/Joaco/Proyectos/SpectatorB/Content/OMPST_V2/Widgets/Menu/WG_NewGame.uasset" 231
"../../../../../../Users/jpave/Documents/Joaco/Proyectos/SpectatorB/Content/OMPST_V2/Assets/Pictures/MenuLogo.uasset" 232
"../../../../../../Users/jpave/Documents/Joaco/Proyectos/SpectatorB/Content/OMPST_V2/Widgets/Effect/WG_ImageStartEffect.uasset" 233
"../../../../../../Users/jpave/Documents/Joaco/Proyectos/SpectatorB/Content/OMPST_V2/Widgets/Effect/WG_HideAndHideOffEffect_05sec.uasset" 234
"../../../../../../Users/jpave/Documents/Joaco/Proyectos/SpectatorB/Content/Menu/logos_playstage/PlaystageLogoCl.uasset" 235
"../../../../../../Users/jpave/Documents/Joaco/Proyectos/SpectatorB/Content/OMPST_V2/Widgets/Menu/WG_MainMenu.uasset" 236
"../../../../../../Users/jpave/Documents/Joaco/Proyectos/SpectatorB/Content/OMPST_V2/Blueprints/Save/BP_MouseSensitivity.uasset" 237
"../../../../../../Users/jpave/Documents/Joaco/Proyectos/SpectatorB/Content/OMPST_V2/Widgets/Interact/WG_Interact.uasset" 238
"../../../../../../Users/jpave/Documents/Joaco/Proyectos/SpectatorB/Content/OMPST_V2/Weapons/Data/BP_E_Weapons.uasset" 239
"../../../../../../Users/jpave/Documents/Joaco/Proyectos/SpectatorB/Content/OMPST_V2/Weapons/Data/BP_S_Weapons.uasset" 240
"../../../../../../Users/jpave/Documents/Joaco/Proyectos/SpectatorB/Content/OMPST_V2/Weapons/Data/DT_Weapons.uasset" 241
"../../../../../../Users/jpave/Documents/Joaco/Proyectos/SpectatorB/Content/OMPST_V2/Weapons/BP_Weapon.uasset" 242
"../../../../../../Users/jpave/Documents/Joaco/Proyectos/SpectatorB/Content/OMPST_V2/Assets/UsedContent/Weapons/Meshes/Ka47/SK_KA47_X_Skeleton.uasset" 243
"../../../../../../Users/jpave/Documents/Joaco/Proyectos/SpectatorB/Content/OMPST_V2/Assets/UsedContent/Weapons/Meshes/Ka47/SK_KA47_X_Physics.uasset" 244
"../../../../../../Users/jpave/Documents/Joaco/Proyectos/SpectatorB/Content/OMPST_V2/Assets/UsedContent/Weapons/Textures/KA47/T_KA47_NRM.uasset" 245
"../../../../../../Users/jpave/Documents/Joaco/Proyectos/SpectatorB/Content/OMPST_V2/Assets/UsedContent/Weapons/Textures/KA47/T_KA47_M_MSK.uasset" 246
"../../../../../../Users/jpave/Documents/Joaco/Proyectos/SpectatorB/Content/OMPST_V2/Assets/UsedContent/Weapons/Textures/KA47/T_KA47_ALB.uasset" 247
"../../../../../../Users/jpave/Documents/Joaco/Proyectos/SpectatorB/Content/OMPST_V2/Assets/UsedContent/Weapons/Textures/Patterns/T_Stripes__Pattern.uasset" 248
"../../../../../../Users/jpave/Documents/Joaco/Proyectos/SpectatorB/Content/OMPST_V2/Assets/UsedContent/Weapons/Textures/KA74U/T_KA74U_NRM.uasset" 249
"../../../../../../Users/jpave/Documents/Joaco/Proyectos/SpectatorB/Content/OMPST_V2/Assets/UsedContent/Weapons/Textures/KA74U/T_KA74U_M_MSK.uasset" 250
"../../../../../../Users/jpave/Documents/Joaco/Proyectos/SpectatorB/Content/OMPST_V2/Assets/UsedContent/Weapons/Textures/KA74U/T_KA74U_ALB.uasset" 251
"../../../../../../Users/jpave/Documents/Joaco/Proyectos/SpectatorB/Content/OMPST_V2/Assets/UsedContent/Weapons/Materials/Master_Material/M_Weapon_Master_USE.uasset" 252
"../../../../../../Users/jpave/Documents/Joaco/Proyectos/SpectatorB/Content/OMPST_V2/Assets/UsedContent/Weapons/Materials/Ka47/M_KA47.uasset" 253
"../../../../../../Users/jpave/Documents/Joaco/Proyectos/SpectatorB/Content/OMPST_V2/Assets/UsedContent/Weapons/Textures/Ammunition/T_762x39_NRM.uasset" 254
"../../../../../../Users/jpave/Documents/Joaco/Proyectos/SpectatorB/Content/OMPST_V2/Assets/UsedContent/Weapons/Textures/Ammunition/T_762x39_M_MSK.uasset" 255
"../../../../../../Users/jpave/Documents/Joaco/Proyectos/SpectatorB/Content/OMPST_V2/Assets/UsedContent/Weapons/Textures/Ammunition/T_762x39_ALB.uasset" 256
"../../../../../../Users/jpave/Documents/Joaco/Proyectos/SpectatorB/Content/OMPST_V2/Assets/UsedContent/Weapons/Materials/Ammunition/M_762x39_Empty.uasset" 257
"../../../../../../Users/jpave/Documents/Joaco/Proyectos/SpectatorB/Content/OMPST_V2/Assets/UsedContent/Weapons/Meshes/Ka47/SK_KA47_X.uasset" 258
"../../../../../../Users/jpave/Documents/Joaco/Proyectos/SpectatorB/Content/OMPST_V2/Weapons/BP_Weapon_AK47.uasset" 259
"../../../../../../Users/jpave/Documents/Joaco/Proyectos/SpectatorB/Content/OMPST_V2/Assets/UsedContent/Weapons/Meshes/AR4/SK_AR4_X_Skeleton.uasset" 260
"../../../../../../Users/jpave/Documents/Joaco/Proyectos/SpectatorB/Content/OMPST_V2/Assets/UsedContent/Weapons/Meshes/AR4/SK_AR4_X_Physics.uasset" 261
"../../../../../../Users/jpave/Documents/Joaco/Proyectos/SpectatorB/Content/OMPST_V2/Assets/UsedContent/Weapons/Textures/AR4/T_AR4_NRM.uasset" 262
"../../../../../../Users/jpave/Documents/Joaco/Proyectos/SpectatorB/Content/OMPST_V2/Assets/UsedContent/Weapons/Textures/AR4/T_AR4_M_MSK.uasset" 263
"../../../../../../Users/jpave/Documents/Joaco/Proyectos/SpectatorB/Content/OMPST_V2/Assets/UsedContent/Weapons/Textures/AR4/T_AR4_ALB.uasset" 264
"../../../../../../Users/jpave/Documents/Joaco/Proyectos/SpectatorB/Content/OMPST_V2/Assets/UsedContent/Weapons/Materials/AR4/M_AR4.uasset" 265
"../../../../../../Users/jpave/Documents/Joaco/Proyectos/SpectatorB/Content/OMPST_V2/Assets/UsedContent/Weapons/Meshes/AR4/SK_AR4_X.uasset" 266
"../../../../../../Users/jpave/Documents/Joaco/Proyectos/SpectatorB/Content/OMPST_V2/Assets/UsedContent/Weapons/Textures/Accessories/T_Scope_25x56_Lens_M_MSK.uasset" 267
"../../../../../../Users/jpave/Documents/Joaco/Proyectos/SpectatorB/Content/OMPST_V2/Assets/UsedContent/Weapons/Textures/Accessories/T_Scope_25x56_Lens_ALB.uasset" 268
"../../../../../../Users/jpave/Documents/Joaco/Proyectos/SpectatorB/Content/OMPST_V2/Assets/UsedContent/Weapons/Materials/Master_Material/M_Scope_Lens_MASTER.uasset" 269
"../../../../../../Users/jpave/Documents/Joaco/Proyectos/SpectatorB/Content/OMPST_V2/Assets/UsedContent/Weapons/Materials/Accessories/M_Scope_25x56_Lens.uasset" 270
"../../../../../../Users/jpave/Documents/Joaco/Proyectos/SpectatorB/Content/OMPST_V2/Assets/UsedContent/Weapons/Textures/Accessories/T_Scope_25x56_NRM.uasset" 271
"../../../../../../Users/jpave/Documents/Joaco/Proyectos/SpectatorB/Content/OMPST_V2/Assets/UsedContent/Weapons/Textures/Accessories/T_Scope_25x56_M_MSK.uasset" 272
"../../../../../../Users/jpave/Documents/Joaco/Proyectos/SpectatorB/Content/OMPST_V2/Assets/UsedContent/Weapons/Textures/Accessories/T_Scope_25x56_ALB.uasset" 273
"../../../../../../Users/jpave/Documents/Joaco/Proyectos/SpectatorB/Content/OMPST_V2/Assets/UsedContent/Weapons/Materials/Accessories/M_Scope_25x56.uasset" 274
"../../../../../../Users/jpave/Documents/Joaco/Proyectos/SpectatorB/Content/OMPST_V2/Assets/UsedContent/Weapons/Meshes/Accessories/SM_Scope_25x56_X.uasset" 275
"../../../../../../Users/jpave/Documents/Joaco/Proyectos/SpectatorB/Content/OMPST_V2/Weapons/BP_Weapon_SniperRifle.uasset" 276
"../../../../../../Users/jpave/Documents/Joaco/Proyectos/SpectatorB/Content/OMPST_V2/Assets/UsedContent/Weapons/Meshes/KA_Val/SK_KA_Val_X_Skeleton.uasset" 277
"../../../../../../Users/jpave/Documents/Joaco/Proyectos/SpectatorB/Content/OMPST_V2/Assets/UsedContent/Weapons/Meshes/KA_Val/SK_KA_Val_X_Physics.uasset" 278
"../../../../../../Users/jpave/Documents/Joaco/Proyectos/SpectatorB/Content/OMPST_V2/Assets/UsedContent/Weapons/Textures/KA_Val/T_KA_Val_NRM.uasset" 279
"../../../../../../Users/jpave/Documents/Joaco/Proyectos/SpectatorB/Content/OMPST_V2/Assets/UsedContent/Weapons/Textures/KA_Val/T_KA_Val_M_MSK.uasset" 280
"../../../../../../Users/jpave/Documents/Joaco/Proyectos/SpectatorB/Content/OMPST_V2/Assets/UsedContent/Weapons/Textures/KA_Val/T_KA_Val_ALB.uasset" 281
"../../../../../../Users/jpave/Documents/Joaco/Proyectos/SpectatorB/Content/OMPST_V2/Assets/UsedContent/Weapons/Materials/KA_Val/M_KA_Val.uasset" 282
"../../../../../../Users/jpave/Documents/Joaco/Proyectos/SpectatorB/Content/OMPST_V2/Assets/UsedContent/Weapons/Meshes/KA_Val/SK_KA_Val_X.uasset" 283
"../../../../../../Users/jpave/Documents/Joaco/Proyectos/SpectatorB/Content/OMPST_V2/Weapons/BP_Weapon_ShotGun.uasset" 284
"../../../../../../Users/jpave/Documents/Joaco/Proyectos/SpectatorB/Content/OMPST_V2/Widgets/Interact/WG_PickUp.uasset" 285
"../../../../../../Users/jpave/Documents/Joaco/Proyectos/SpectatorB/Content/OMPST_V2/Blueprints/Interact/BP_E_Interact.uasset" 286
"../../../../../../Users/jpave/Documents/Joaco/Proyectos/SpectatorB/Content/OMPST_V2/Blueprints/Interact/BP_S_Interact.uasset" 287
"../../../../../../Users/jpave/Documents/Joaco/Proyectos/SpectatorB/Content/OMPST_V2/Blueprints/Interact/BP_PickUP.uasset" 288
"../../../../../../Users/jpave/Documents/Joaco/Proyectos/SpectatorB/Content/OMPST_V2/Assets/UsedContent/Weapons/Meshes/AR4/SM_AR4.uasset" 289
"../../../../../../Users/jpave/Documents/Joaco/Proyectos/SpectatorB/Content/OMPST_V2/Assets/UsedContent/Weapons/Materials/Accessories/M_Scope_25x56_Lens_NoAlpha.uasset" 290
"../../../../../../Users/jpave/Documents/Joaco/Proyectos/SpectatorB/Content/OMPST_V2/Assets/UsedContent/Weapons/Meshes/Accessories/SM_Scope_25x56_Y.uasset" 291
"../../../../../../Users/jpave/Documents/Joaco/Proyectos/SpectatorB/Content/OMPST_V2/Blueprints/Interact/BP_PickUP_Sniper.uasset" 292
"../../../../../../Users/jpave/Documents/Joaco/Proyectos/SpectatorB/Content/OMPST_V2/Assets/UsedContent/Weapons/Meshes/KA_Val/SM_KA_Val_X.uasset" 293
"../../../../../../Users/jpave/Documents/Joaco/Proyectos/SpectatorB/Content/OMPST_V2/Blueprints/Interact/BP_PickUP_ShotGun.uasset" 294
"../../../../../../Users/jpave/Documents/Joaco/Proyectos/SpectatorB/Content/OMPST_V2/Weapons/Data/BP_WeaponManager.uasset" 295
"../../../../../../Users/jpave/Documents/Joaco/Proyectos/SpectatorB/Content/OMPST_V2/Widgets/InGame/WG_AimCross.uasset" 296
"../../../../../../Users/jpave/Documents/Joaco/Proyectos/SpectatorB/Content/OMPST_V2/Assets/Pictures/ForGame/PlusHP.uasset" 297
"../../../../../../Users/jpave/Documents/Joaco/Proyectos/SpectatorB/Content/OMPST_V2/Assets/Pictures/ForGame/Armor.uasset" 298
"../../../../../../Users/jpave/Documents/Joaco/Proyectos/SpectatorB/Content/OMPST_V2/Assets/Fonts/ArmorAndHP.uasset" 299
"../../../../../../Users/jpave/Documents/Joaco/Proyectos/SpectatorB/Content/OMPST_V2/Assets/Fonts/ArmorAndHP_Font.uasset" 300
"../../../../../../Users/jpave/Documents/Joaco/Proyectos/SpectatorB/Content/OMPST_V2/Widgets/WG_Main.uasset" 301
"../../../../../../Users/jpave/Documents/Joaco/Proyectos/SpectatorB/Content/OMPST_V2/Widgets/InGame/WG_Shop.uasset" 302
"../../../../../../Users/jpave/Documents/Joaco/Proyectos/SpectatorB/Content/OMPST_V2/Widgets/DeadSpectator/WG_TeamDeadSpectator.uasset" 303
"../../../../../../Users/jpave/Documents/Joaco/Proyectos/SpectatorB/Content/OMPST_V2/Widgets/InGame/WG_TabMenu.uasset" 304
"../../../../../../Users/jpave/Documents/Joaco/Proyectos/SpectatorB/Content/OMPST_V2/Widgets/DeadSpectator/WG_DeadSpectator.uasset" 305
"../../../../../../Users/jpave/Documents/Joaco/Proyectos/SpectatorB/Content/OMPST_V2/Widgets/Chat/BP_ChatManager.uasset" 306
"../../../Engine/Content/EditorBlueprintResources/ActorMacros.uasset" 307
"../../../../../../Users/jpave/Documents/Joaco/Proyectos/SpectatorB/Content/AdvancedSocialSystem/UI/Fonts/OpenSans.uasset" 308
"../../../../../../Users/jpave/Documents/Joaco/Proyectos/SpectatorB/Content/AdvancedSocialSystem/UI/Textures/T_UI_Square.uasset" 309
"../../../../../../Users/jpave/Documents/Joaco/Proyectos/SpectatorB/Content/AdvancedSocialSystem/Blueprints/SocialPlayerState.uasset" 310
"../../../../../../Users/jpave/Documents/Joaco/Proyectos/SpectatorB/Content/AdvancedSocialSystem/UI/Blueprints/PlayerNamePlate.uasset" 311
"../../../../../../Users/jpave/Documents/Joaco/Proyectos/SpectatorB/Content/GKnight/Meshes/GothicKnight_New_PhysicsAsset.uasset" 312
"../../../../../../Users/jpave/Documents/Joaco/Proyectos/SpectatorB/Content/GKnight/Textures/Pants/T_GothicKnight_Pants_ORM.uasset" 313
"../../../../../../Users/jpave/Documents/Joaco/Proyectos/SpectatorB/Content/GKnight/Textures/Pants/T_GothicKnight_Pants_N.uasset" 314
"../../../../../../Users/jpave/Documents/Joaco/Proyectos/SpectatorB/Content/GKnight/Textures/Pants/T_GothicKnight_Pants_ID.uasset" 315
"../../../../../../Users/jpave/Documents/Joaco/Proyectos/SpectatorB/Content/GKnight/Textures/Pants/T_GothicKnight_Pants_D.uasset" 316
"../../../../../../Users/jpave/Documents/Joaco/Proyectos/SpectatorB/Content/GKnight/Textures/Tiles/T_FlatMid.uasset" 317
"../../../../../../Users/jpave/Documents/Joaco/Proyectos/SpectatorB/Content/GKnight/Textures/Tiles/checker.uasset" 318
"../../../../../../Users/jpave/Documents/Joaco/Proyectos/SpectatorB/Content/GKnight/Textures/Decals/T_CoatOfArm_04_1.uasset" 319
"../../../../../../Users/jpave/Documents/Joaco/Proyectos/SpectatorB/Content/GKnight/Textures/Decals/T_CoatOfArm_02.uasset" 320
"../../../../../../Users/jpave/Documents/Joaco/Proyectos/SpectatorB/Content/GKnight/Materials/TestSphere/Textures/T_BaseMaterial_v01_ORM.uasset" 321
"../../../../../../Users/jpave/Documents/Joaco/Proyectos/SpectatorB/Content/GKnight/Materials/TestSphere/Textures/T_BaseMaterial_v01_N.uasset" 322
"../../../../../../Users/jpave/Documents/Joaco/Proyectos/SpectatorB/Content/GKnight/Materials/TestSphere/Textures/T_BaseMaterial_v01_ID.uasset" 323
"../../../../../../Users/jpave/Documents/Joaco/Proyectos/SpectatorB/Content/GKnight/Materials/TestSphere/Textures/T_BaseMaterial_v01_D.uasset" 324
"../../../Engine/Content/EngineMaterials/BlendFunc_DefBlend.uasset" 325
"../../../Engine/Content/EngineMaterials/BlendFunc_DefBase.uasset" 326
"../../../Engine/Content/Functions/Engine_MaterialFunctions03/Blends/Blend_Overlay.uasset" 327
"../../../../../../Users/jpave/Documents/Joaco/Proyectos/SpectatorB/Content/GKnight/Textures/DetailMaps/T_detailMap01_n.uasset" 328
"../../../../../../Users/jpave/Documents/Joaco/Proyectos/SpectatorB/Content/GKnight/Materials/M_MKT_MasterMaterial_v02.uasset" 329
"../../../../../../Users/jpave/Documents/Joaco/Proyectos/SpectatorB/Content/GKnight/Materials/CustomizationExample/MI_GKnight_Pants.uasset" 330
"../../../../../../Users/jpave/Documents/Joaco/Proyectos/SpectatorB/Content/GKnight/Textures/Helmet/T_GothicKnight_Helmet_ORM.uasset" 331
"../../../../../../Users/jpave/Documents/Joaco/Proyectos/SpectatorB/Content/GKnight/Textures/Helmet/T_GothicKnight_Helmet_N.uasset" 332
"../../../../../../Users/jpave/Documents/Joaco/Proyectos/SpectatorB/Content/GKnight/Textures/Helmet/T_GothicKnight_Helmet_ID.uasset" 333
"../../../../../../Users/jpave/Documents/Joaco/Proyectos/SpectatorB/Content/GKnight/Textures/Helmet/T_GothicKnight_Helmet_D.uasset" 334
"../../../../../../Users/jpave/Documents/Joaco/Proyectos/SpectatorB/Content/GKnight/Materials/CustomizationExample/MI_GKnight_Helmet.uasset" 335
"../../../../../../Users/jpave/Documents/Joaco/Proyectos/SpectatorB/Content/GKnight/Textures/Gloves/T_GothicKnight_Glove_ORM.uasset" 336
"../../../../../../Users/jpave/Documents/Joaco/Proyectos/SpectatorB/Content/GKnight/Textures/Gloves/T_GothicKnight_Glove_N.uasset" 337
"../../../../../../Users/jpave/Documents/Joaco/Proyectos/SpectatorB/Content/GKnight/Textures/Gloves/T_GothicKnight_Glove_ID.uasset" 338
"../../../../../../Users/jpave/Documents/Joaco/Proyectos/SpectatorB/Content/GKnight/Textures/Gloves/T_GothicKnight_Glove_D.uasset" 339
"../../../../../../Users/jpave/Documents/Joaco/Proyectos/SpectatorB/Content/GKnight/Materials/CustomizationExample/MI_GKnight_Glove.uasset" 340
"../../../../../../Users/jpave/Documents/Joaco/Proyectos/SpectatorB/Content/GKnight/Textures/BearFur/T_T_FurBear_RMOC.uasset" 341
"../../../../../../Users/jpave/Documents/Joaco/Proyectos/SpectatorB/Content/GKnight/Textures/BearFur/T_T_FurBear_N.uasset" 342
"../../../../../../Users/jpave/Documents/Joaco/Proyectos/SpectatorB/Content/GKnight/Textures/BearFur/T_T_FurBear_H.uasset" 343
"../../../../../../Users/jpave/Documents/Joaco/Proyectos/SpectatorB/Content/GKnight/Textures/BearFur/T_T_FurBear_D.uasset" 344
"../../../../../../Users/jpave/Documents/Joaco/Proyectos/SpectatorB/Content/GKnight/Materials/M_Master_FurAndHair.uasset" 345
"../../../../../../Users/jpave/Documents/Joaco/Proyectos/SpectatorB/Content/GKnight/Materials/CustomizationExample/MI_BearFur.uasset" 346
"../../../../../../Users/jpave/Documents/Joaco/Proyectos/SpectatorB/Content/GKnight/Textures/FaceB/T_GHead_B_ORM.uasset" 347
"../../../../../../Users/jpave/Documents/Joaco/Proyectos/SpectatorB/Content/GKnight/Textures/FaceB/T_GHead_B_N.uasset" 348
"../../../../../../Users/jpave/Documents/Joaco/Proyectos/SpectatorB/Content/GKnight/Textures/FaceB/T_GHead_B_D.uasset" 349
"../../../../../../Users/jpave/Documents/Joaco/Proyectos/SpectatorB/Content/GKnight/Materials/M_Skin_Master.uasset" 350
"../../../../../../Users/jpave/Documents/Joaco/Proyectos/SpectatorB/Content/GKnight/Materials/MI_headD.uasset" 351
"../../../../../../Users/jpave/Documents/Joaco/Proyectos/SpectatorB/Content/GKnight/Textures/Body/T_GothicKnight_Body_ORM.uasset" 352
"../../../../../../Users/jpave/Documents/Joaco/Proyectos/SpectatorB/Content/GKnight/Textures/Body/T_GothicKnight_Body_N.uasset" 353
"../../../../../../Users/jpave/Documents/Joaco/Proyectos/SpectatorB/Content/GKnight/Textures/Body/T_GothicKnight_Body_ID.uasset" 354
"../../../../../../Users/jpave/Documents/Joaco/Proyectos/SpectatorB/Content/GKnight/Textures/Body/T_GothicKnight_Body_D.uasset" 355
"../../../../../../Users/jpave/Documents/Joaco/Proyectos/SpectatorB/Content/GKnight/Materials/MI_GKnight_Body.uasset" 356
"../../../../../../Users/jpave/Documents/Joaco/Proyectos/SpectatorB/Content/GKnight/Materials/Eyes/T_SecondReflection_mkt.uasset" 357
"../../../../../../Users/jpave/Documents/Joaco/Proyectos/SpectatorB/Content/GKnight/Materials/Eyes/T_EyeScleraBaseColor_mkt.uasset" 358
"../../../../../../Users/jpave/Documents/Joaco/Proyectos/SpectatorB/Content/GKnight/Materials/Eyes/T_EyeNormals_MKT.uasset" 359
"../../../../../../Users/jpave/Documents/Joaco/Proyectos/SpectatorB/Content/GKnight/Materials/Eyes/T_EyeDisplacement_MKT.uasset" 360
"../../../../../../Users/jpave/Documents/Joaco/Proyectos/SpectatorB/Content/GKnight/Materials/Eyes/T_EyeBaseColorA_mkt.uasset" 361
"../../../../../../Users/jpave/Documents/Joaco/Proyectos/SpectatorB/Content/GKnight/Materials/Eyes/T_Eye_Wet_Normal_MKT.uasset" 362
"../../../Engine/Content/Functions/Engine_MaterialFunctions02/Utility/VectorLength.uasset" 363
"../../../Engine/Content/Functions/Engine_MaterialFunctions02/TangentBasis.uasset" 364
"../../../Engine/Content/Functions/Engine_MaterialFunctions01/Texturing/ScaleUVsByCenter.uasset" 365
"../../../../../../Users/jpave/Documents/Joaco/Proyectos/SpectatorB/Content/GKnight/Materials/MaterialFunctions/ML_EyeRefraction.uasset" 366
"../../../Engine/Content/Functions/Engine_MaterialFunctions01/Texturing/FlattenNormal.uasset" 367
"../../../../../../Users/jpave/Documents/Joaco/Proyectos/SpectatorB/Content/GKnight/Materials/M_Eye.uasset" 368
"../../../../../../Users/jpave/Documents/Joaco/Proyectos/SpectatorB/Content/GKnight/Materials/MI_EyeMaterial.uasset" 369
"../../../../../../Users/jpave/Documents/Joaco/Proyectos/SpectatorB/Content/GKnight/Meshes/GothicKnight_New.uasset" 370
"../../../../../../Users/jpave/Documents/Joaco/Proyectos/SpectatorB/Content/Blueprints/Widgets/SpectView.uasset" 371
"../../../../../../Users/jpave/Documents/Joaco/Proyectos/SpectatorB/Content/Blueprints/DataManagement/Channel.uasset" 372
"../../../../../../Users/jpave/Documents/Joaco/Proyectos/SpectatorB/Content/Blueprints/DataManagement/Channels.uasset" 373
"../../../../../../Users/jpave/Documents/Joaco/Proyectos/SpectatorB/Content/Blueprints/GameBPs/DiscordManager.uasset" 374
"../../../../../../Users/jpave/Documents/Joaco/Proyectos/SpectatorB/Content/Blueprints/Widgets/ChanButChild.uasset" 375
"../../../../../../Users/jpave/Documents/Joaco/Proyectos/SpectatorB/Content/Blueprints/Widgets/MessageInGame.uasset" 376
"../../../../../../Users/jpave/Documents/Joaco/Proyectos/SpectatorB/Content/OMPST_V2/Weapons/FPWeapon/Secondary/Red_Tex.uasset" 377
"../../../../../../Users/jpave/Documents/Joaco/Proyectos/SpectatorB/Content/Blueprints/TEST/TESTView.uasset" 378
"../../../../../../Users/jpave/Documents/Joaco/Proyectos/SpectatorB/Content/OMPST_V2/Assets/Anim/Mannequin/Textures/UE4_LOGO_CARD.uasset" 379
"../../../../../../Users/jpave/Documents/Joaco/Proyectos/SpectatorB/Content/Blueprints/MenuWidgets/P_PlayerChild.uasset" 380
"../../../../../../Users/jpave/Documents/Joaco/Proyectos/SpectatorB/Content/Blueprints/Widgets/Channel_child.uasset" 381
"../../../../../../Users/jpave/Documents/Joaco/Proyectos/SpectatorB/Content/Blueprints/Widgets/SendMessage.uasset" 382
"../../../../../../Users/jpave/Documents/Joaco/Proyectos/SpectatorB/Content/Blueprints/MenuWidgets/P_GameMenu.uasset" 383
"../../../../../../Users/jpave/Documents/Joaco/Proyectos/SpectatorB/Content/GKnight/Materials/MI_GKnight_Pants.uasset" 384
"../../../../../../Users/jpave/Documents/Joaco/Proyectos/SpectatorB/Content/Blueprints/TEST/TESTRender.uasset" 385
"../../../../../../Users/jpave/Documents/Joaco/Proyectos/SpectatorB/Content/Blueprints/TEST/TESTMaterial.uasset" 386
"../../../../../../Users/jpave/Documents/Joaco/Proyectos/SpectatorB/Content/Blueprints/SpectRendering/Mat_SpectView.uasset" 387
"../../../../../../Users/jpave/Documents/Joaco/Proyectos/SpectatorB/Content/GenericRadialMenus/UMG/EIconAnimationStyles.uasset" 388
"../../../../../../Users/jpave/Documents/Joaco/Proyectos/SpectatorB/Content/GenericRadialMenus/UMG/FBasicIconSettings.uasset" 389
"../../../Engine/Content/EngineResources/AICON-Green.uasset" 390
"../../../../../../Users/jpave/Documents/Joaco/Proyectos/SpectatorB/Content/GenericRadialMenus/UMG/IRadialSlot.uasset" 391
"../../../../../../Users/jpave/Documents/Joaco/Proyectos/SpectatorB/Content/GenericRadialMenus/UMG/UMG_BasicRadialIcon.uasset" 392
"../../../Engine/Content/VREditor/Sounds/UI/Dockable_Window_Close.uasset" 393
"../../../../../../Users/jpave/Documents/Joaco/Proyectos/SpectatorB/Content/GenericRadialMenus/Textures/T_RadialMenu1.uasset" 394
"../../../../../../Users/jpave/Documents/Joaco/Proyectos/SpectatorB/Content/GenericRadialMenus/Textures/T_RadialMenu.uasset" 395
"../../../Engine/Content/Functions/Engine_MaterialFunctions02/Utility/VectorToRadialValue.uasset" 396
"../../../../../../Users/jpave/Documents/Joaco/Proyectos/SpectatorB/Content/GenericRadialMenus/Materials/MF_RadialMenuMasks.uasset" 397
"../../../../../../Users/jpave/Documents/Joaco/Proyectos/SpectatorB/Content/GenericRadialMenus/Materials/M_RadialMenu.uasset" 398
"../../../../../../Users/jpave/Documents/Joaco/Proyectos/SpectatorB/Content/GenericRadialMenus/Materials/M_RadialMenuInnerRingOnly_Inst.uasset" 399
"../../../../../../Users/jpave/Documents/Joaco/Proyectos/SpectatorB/Content/GenericRadialMenus/Materials/M_DarkRadialMenu_Inst.uasset" 400
"../../../Engine/Content/VREditor/Sounds/UI/Camera_Shutter.uasset" 401
"../../../Engine/Content/VREditor/Sounds/UI/Click_on_Button.uasset" 402
"../../../../../../Users/jpave/Documents/Joaco/Proyectos/SpectatorB/Content/GenericRadialMenus/Materials/M_RadialMenu_Inst.uasset" 403
"../../../../../../Users/jpave/Documents/Joaco/Proyectos/SpectatorB/Content/GenericRadialMenus/Blueprints/BP_RadialMenuHelpers.uasset" 404
"../../../../../../Users/jpave/Documents/Joaco/Proyectos/SpectatorB/Content/GenericRadialMenus/UMG/EJoystickTypes.uasset" 405
"../../../../../../Users/jpave/Documents/Joaco/Proyectos/SpectatorB/Content/GenericRadialMenus/UMG/IRadialInput.uasset" 406
"../../../../../../Users/jpave/Documents/Joaco/Proyectos/SpectatorB/Content/GenericRadialMenus/UMG/UMG_RadialMenu.uasset" 407
"../../../../../../Users/jpave/Documents/Joaco/Proyectos/SpectatorB/Content/GenericRadialMenus/Textures/T_DoubleCircle.uasset" 408
"../../../../../../Users/jpave/Documents/Joaco/Proyectos/SpectatorB/Content/GenericRadialMenus/Example/BuildMenuSample/T_back_arrow.uasset" 409
"../../../../../../Users/jpave/Documents/Joaco/Proyectos/SpectatorB/Content/GenericRadialMenus/Example/BuildMenuSample/PTItemDefinition.uasset" 410
"../../../../../../Users/jpave/Documents/Joaco/Proyectos/SpectatorB/Content/GenericRadialMenus/Example/BuildMenuSample/PTCategory.uasset" 411
"../../../../../../Users/jpave/Documents/Joaco/Proyectos/SpectatorB/Content/Thumbnails/Candle_01.uasset" 412
"../../../../../../Users/jpave/Documents/Joaco/Proyectos/SpectatorB/Content/SoulCity/Effects/Textures/Water/T_WaterDroplets_M.uasset" 413
"../../../../../../Users/jpave/Documents/Joaco/Proyectos/SpectatorB/Content/ProIconPack/Textures/Generic_Icons/256x256/T_Lightbuld_256x256.uasset" 414
"../../../../../../Users/jpave/Documents/Joaco/Proyectos/SpectatorB/Content/logos_unreal/ToriGate.uasset" 415
"../../../../../../Users/jpave/Documents/Joaco/Proyectos/SpectatorB/Content/Thumbnails/Candlestick_Floor_01.uasset" 416
"../../../../../../Users/jpave/Documents/Joaco/Proyectos/SpectatorB/Content/Thumbnails/Candle_05.uasset" 417
"../../../../../../Users/jpave/Documents/Joaco/Proyectos/SpectatorB/Content/Thumbnails/Candle_04.uasset" 418
"../../../../../../Users/jpave/Documents/Joaco/Proyectos/SpectatorB/Content/Thumbnails/Candle_03.uasset" 419
"../../../../../../Users/jpave/Documents/Joaco/Proyectos/SpectatorB/Content/Thumbnails/Candle_02.uasset" 420
"../../../../../../Users/jpave/Documents/Joaco/Proyectos/SpectatorB/Content/MultistoryDungeons/Textures/Atlas_Props_02_Roughness.uasset" 421
"../../../../../../Users/jpave/Documents/Joaco/Proyectos/SpectatorB/Content/MultistoryDungeons/Textures/Atlas_Props_02_Normal.uasset" 422
"../../../../../../Users/jpave/Documents/Joaco/Proyectos/SpectatorB/Content/MultistoryDungeons/Textures/Atlas_Props_02_Metallic.uasset" 423
"../../../../../../Users/jpave/Documents/Joaco/Proyectos/SpectatorB/Content/MultistoryDungeons/Textures/Atlas_Props_02.uasset" 424
"../../../../../../Users/jpave/Documents/Joaco/Proyectos/SpectatorB/Content/MultistoryDungeons/Materials/Props_02.uasset" 425
"../../../../../../Users/jpave/Documents/Joaco/Proyectos/SpectatorB/Content/MultistoryDungeons/Materials/Props_02_Inst.uasset" 426
"../../../../../../Users/jpave/Documents/Joaco/Proyectos/SpectatorB/Content/MultistoryDungeons/Meshes/Props/Candles_05.uasset" 427
"../../../../../../Users/jpave/Documents/Joaco/Proyectos/SpectatorB/Content/MultistoryDungeons/Textures/T_FX_Halo_MD_01.uasset" 428
"../../../../../../Users/jpave/Documents/Joaco/Proyectos/SpectatorB/Content/MultistoryDungeons/Textures/T_FX_Fire_01_MD.uasset" 429
"../../../../../../Users/jpave/Documents/Joaco/Proyectos/SpectatorB/Content/MultistoryDungeons/Materials/Fire.uasset" 430
"../../../../../../Users/jpave/Documents/Joaco/Proyectos/SpectatorB/Content/MultistoryDungeons/Materials/Fire_Glow_Inst.uasset" 431
"../../../../../../Users/jpave/Documents/Joaco/Proyectos/SpectatorB/Content/MultistoryDungeons/Textures/T_FX_Candle_Fire_MD_01.uasset" 432
"../../../../../../Users/jpave/Documents/Joaco/Proyectos/SpectatorB/Content/MultistoryDungeons/Materials/Candle_Inst.uasset" 433
"../../../../../../Users/jpave/Documents/Joaco/Proyectos/SpectatorB/Content/MultistoryDungeons/Effects/Candle_Fire.uasset" 434
"../../../../../../Users/jpave/Documents/Joaco/Proyectos/SpectatorB/Content/MultistoryDungeons/Blueprints/Props/Candles_05.uasset" 435
"../../../../../../Users/jpave/Documents/Joaco/Proyectos/SpectatorB/Content/MultistoryDungeons/Meshes/Props/Candles_04.uasset" 436
"../../../../../../Users/jpave/Documents/Joaco/Proyectos/SpectatorB/Content/MultistoryDungeons/Blueprints/Props/Candles_04.uasset" 437
"../../../../../../Users/jpave/Documents/Joaco/Proyectos/SpectatorB/Content/MultistoryDungeons/Meshes/Props/Candles_03.uasset" 438
"../../../../../../Users/jpave/Documents/Joaco/Proyectos/SpectatorB/Content/MultistoryDungeons/Blueprints/Props/Candles_03.uasset" 439
"../../../../../../Users/jpave/Documents/Joaco/Proyectos/SpectatorB/Content/MultistoryDungeons/Meshes/Props/Candles_02.uasset" 440
"../../../../../../Users/jpave/Documents/Joaco/Proyectos/SpectatorB/Content/MultistoryDungeons/Blueprints/Props/Candles_02.uasset" 441
"../../../../../../Users/jpave/Documents/Joaco/Proyectos/SpectatorB/Content/MultistoryDungeons/Meshes/Props/Candles_01.uasset" 442
"../../../../../../Users/jpave/Documents/Joaco/Proyectos/SpectatorB/Content/MultistoryDungeons/Blueprints/Props/Candles_01.uasset" 443
"../../../../../../Users/jpave/Documents/Joaco/Proyectos/SpectatorB/Content/MultistoryDungeons/Textures/Atlas_Props_01_Roughness.uasset" 444
"../../../../../../Users/jpave/Documents/Joaco/Proyectos/SpectatorB/Content/MultistoryDungeons/Textures/Atlas_Props_01_Normal.uasset" 445
"../../../../../../Users/jpave/Documents/Joaco/Proyectos/SpectatorB/Content/MultistoryDungeons/Textures/Atlas_Props_01_Metallic.uasset" 446
"../../../../../../Users/jpave/Documents/Joaco/Proyectos/SpectatorB/Content/MultistoryDungeons/Textures/Atlas_Props_01.uasset" 447
"../../../../../../Users/jpave/Documents/Joaco/Proyectos/SpectatorB/Content/MultistoryDungeons/Materials/Props_01.uasset" 448
"../../../../../../Users/jpave/Documents/Joaco/Proyectos/SpectatorB/Content/MultistoryDungeons/Materials/Props_01_Inst.uasset" 449
"../../../../../../Users/jpave/Documents/Joaco/Proyectos/SpectatorB/Content/MultistoryDungeons/Meshes/Props/Candlestick_Floor_01.uasset" 450
"../../../../../../Users/jpave/Documents/Joaco/Proyectos/SpectatorB/Content/MultistoryDungeons/Blueprints/Props/Candlestick_Floor_01.uasset" 451
"../../../../../../Users/jpave/Documents/Joaco/Proyectos/SpectatorB/Content/NovemberRain/BuildMenuSample_B/Velas.uasset" 452
"../../../../../../Users/jpave/Documents/Joaco/Proyectos/SpectatorB/Content/InfinityBladeGrassLands/Effects/FX_Textures/Liquid/T_bloodTest_4X6.uasset" 453
"../../../../../../Users/jpave/Documents/Joaco/Proyectos/SpectatorB/Content/InfinityBladeGrassLands/Effects/FX_Textures/Tile/T_Black_32.uasset" 454
"../../../../../../Users/jpave/Documents/Joaco/Proyectos/SpectatorB/Content/InfinityBladeGrassLands/Effects/Masters/M_Trans_Sprite_Master_DepthFade.uasset" 455
"../../../../../../Users/jpave/Documents/Joaco/Proyectos/SpectatorB/Content/InfinityBladeGrassLands/Effects/FX_Materials/Liquid/M_Liquid_Spray_01_4X6_INST.uasset" 456
"../../../../../../Users/jpave/Documents/Joaco/Proyectos/SpectatorB/Content/InfinityBladeGrassLands/Effects/FX_Ambient/Water/P_Water_Fountain_Splash_Base_01.uasset" 457
"../../../../../../Users/jpave/Documents/Joaco/Proyectos/SpectatorB/Content/SGDragAndSpawnButton/Widgets/P_Water_Fountain_Splash_Base_01_Blueprint.uasset" 458
"../../../../../../Users/jpave/Documents/Joaco/Proyectos/SpectatorB/Content/InfinityBladeGrassLands/Effects/FX_Textures/Smoke/T_Smoke_subUV_01.uasset" 459
"../../../Engine/Content/EngineResources/Black.uasset" 460
"../../../../../../Users/jpave/Documents/Joaco/Proyectos/SpectatorB/Content/InfinityBladeGrassLands/Effects/Masters/M_Trans_Sprite_SubUV_Master_DepthFade.uasset" 461
"../../../../../../Users/jpave/Documents/Joaco/Proyectos/SpectatorB/Content/InfinityBladeGrassLands/Effects/FX_Materials/Smoke/M_Smoke_02_Trans_6X6_INST.uasset" 462
"../../../../../../Users/jpave/Documents/Joaco/Proyectos/SpectatorB/Content/SGDragAndSpawnButton/Widgets/P_Dust_lightRed.uasset" 463
"../../../../../../Users/jpave/Documents/Joaco/Proyectos/SpectatorB/Content/SGDragAndSpawnButton/Widgets/P_Dust_lightRed_Blueprint.uasset" 464
"../../../../../../Users/jpave/Documents/Joaco/Proyectos/SpectatorB/Content/SGDragAndSpawnButton/Widgets/P_Dust_lightBlue.uasset" 465
"../../../../../../Users/jpave/Documents/Joaco/Proyectos/SpectatorB/Content/SGDragAndSpawnButton/Widgets/P_Dust_lightBlue_Blueprint.uasset" 466
"../../../../../../Users/jpave/Documents/Joaco/Proyectos/SpectatorB/Content/SGDragAndSpawnButton/Widgets/P_Dust_light.uasset" 467
"../../../../../../Users/jpave/Documents/Joaco/Proyectos/SpectatorB/Content/SGDragAndSpawnButton/Widgets/P_Dust_light_Blueprint.uasset" 468
"../../../../../../Users/jpave/Documents/Joaco/Proyectos/SpectatorB/Content/InfinityBladeGrassLands/Effects/FX_Ambient/Fog/P_Dust_groundCoat.uasset" 469
"../../../../../../Users/jpave/Documents/Joaco/Proyectos/SpectatorB/Content/SGDragAndSpawnButton/Widgets/P_Dust_groundCoat_Blueprint.uasset" 470
"../../../../../../Users/jpave/Documents/Joaco/Proyectos/SpectatorB/Content/InfinityBladeGrassLands/Effects/FX_Textures/Env/T_LeafFlip_6X6_01.uasset" 471
"../../../../../../Users/jpave/Documents/Joaco/Proyectos/SpectatorB/Content/InfinityBladeGrassLands/Effects/Masters/M_Trans_Sprite_SubUV_Master.uasset" 472
"../../../../../../Users/jpave/Documents/Joaco/Proyectos/SpectatorB/Content/InfinityBladeGrassLands/Effects/FX_Materials/Env/M_LeafFlip_Trans_6X6_INST.uasset" 473
"../../../../../../Users/jpave/Documents/Joaco/Proyectos/SpectatorB/Content/InfinityBladeGrassLands/Effects/FX_Ambient/leaves/P_DeadLeaves_Blow_Loop.uasset" 474
"../../../../../../Users/jpave/Documents/Joaco/Proyectos/SpectatorB/Content/SGDragAndSpawnButton/Widgets/P_DeadLeaves_Blow_Loop_Blueprint.uasset" 475
"../../../../../../Users/jpave/Documents/Joaco/Proyectos/SpectatorB/Content/SoulCity/Effects/Textures/Water/T_WaterDroplets_N.uasset" 476
"../../../../../../Users/jpave/Documents/Joaco/Proyectos/SpectatorB/Content/SoulCity/Effects/Textures/Cube/T_AccessTunnel_Cube.uasset" 477
"../../../../../../Users/jpave/Documents/Joaco/Proyectos/SpectatorB/Content/SoulCity/Effects/Materials/Water/M_ParticleWater_MASTER.uasset" 478
"../../../../../../Users/jpave/Documents/Joaco/Proyectos/SpectatorB/Content/SGDragAndSpawnButton/Widgets/BP_RainStorm.uasset" 479
"../../../../../../Users/jpave/Documents/Joaco/Proyectos/SpectatorB/Content/SGDragAndSpawnButton/Widgets/BP_RainStorm2_Blueprint.uasset" 480
"../../../../../../Users/jpave/Documents/Joaco/Proyectos/SpectatorB/Content/NovemberRain/BuildMenuSample_B/particulas.uasset" 481
"../../../../../../Users/jpave/Documents/Joaco/Proyectos/SpectatorB/Content/Geometry/Meshes/CubeMaterial.uasset" 482
"../../../../../../Users/jpave/Documents/Joaco/Proyectos/SpectatorB/Content/Geometry/Meshes/1M_Cube.uasset" 483
"../../../../../../Users/jpave/Documents/Joaco/Proyectos/SpectatorB/Content/SGDragAndSpawnButton/Widgets/Light_B_BP.uasset" 484
"../../../../../../Users/jpave/Documents/Joaco/Proyectos/SpectatorB/Content/SGDragAndSpawnButton/Widgets/Light_A_BP.uasset" 485
"../../../../../../Users/jpave/Documents/Joaco/Proyectos/SpectatorB/Content/NovemberRain/BuildMenuSample_B/luces.uasset" 486
"../../../../../../Users/jpave/Documents/Joaco/Proyectos/SpectatorB/Content/Bamboo_grove/textures/T_black.uasset" 487
"../../../../../../Users/jpave/Documents/Joaco/Proyectos/SpectatorB/Content/Bamboo_grove/textures/T_white.uasset" 488
"../../../../../../Users/jpave/Documents/Joaco/Proyectos/SpectatorB/Content/Bamboo_grove/textures/T_normal.uasset" 489
"../../../../../../Users/jpave/Documents/Joaco/Proyectos/SpectatorB/Content/Bamboo_grove/textures/T_mask.uasset" 490
"../../../../../../Users/jpave/Documents/Joaco/Proyectos/SpectatorB/Content/Bamboo_grove/textures/T_grey.uasset" 491
"../../../Engine/Content/Functions/Engine_MaterialFunctions02/Texturing/CustomRotator.uasset" 492
"../../../Engine/Content/Functions/Engine_MaterialFunctions02/HueShift.uasset" 493
"../../../Engine/Content/Functions/Engine_MaterialFunctions01/WorldPositionOffset/SimpleGrassWind.uasset" 494
"../../../Engine/Content/Functions/Engine_MaterialFunctions01/Gradient/LinearGradient.uasset" 495
"../../../../../../Users/jpave/Documents/Joaco/Proyectos/SpectatorB/Content/Bamboo_grove/materials/M_1.uasset" 496
"../../../../../../Users/jpave/Documents/Joaco/Proyectos/SpectatorB/Content/Bamboo_grove/textures/T_Buddha_1_BaseColor.uasset" 497
"../../../../../../Users/jpave/Documents/Joaco/Proyectos/SpectatorB/Content/Bamboo_grove/textures/T_Buddha_1_Normal.uasset" 498
"../../../../../../Users/jpave/Documents/Joaco/Proyectos/SpectatorB/Content/Bamboo_grove/textures/T_Buddha_1_OcclusionRoughnessMetallic.uasset" 499
"../../../../../../Users/jpave/Documents/Joaco/Proyectos/SpectatorB/Content/Bamboo_grove/materials/MI_Buddha_1.uasset" 500
"../../../../../../Users/jpave/Documents/Joaco/Proyectos/SpectatorB/Content/Bamboo_grove/meshes/SM_Buddha_1.uasset" 501
"../../../../../../Users/jpave/Documents/Joaco/Proyectos/SpectatorB/Content/Bamboo_grove/Blueprints/Buddha.uasset" 502
"../../../../../../Users/jpave/Documents/Joaco/Proyectos/SpectatorB/Content/Bamboo_grove/textures/T_tori_gates_1_OcclusionRoughnessMetallic.uasset" 503
"../../../../../../Users/jpave/Documents/Joaco/Proyectos/SpectatorB/Content/Bamboo_grove/textures/T_tori_gates_1_Normal.uasset" 504
"../../../../../../Users/jpave/Documents/Joaco/Proyectos/SpectatorB/Content/Bamboo_grove/textures/T_tori_gates_1_BaseColor.uasset" 505
"../../../../../../Users/jpave/Documents/Joaco/Proyectos/SpectatorB/Content/Bamboo_grove/materials/M_2.uasset" 506
"../../../../../../Users/jpave/Documents/Joaco/Proyectos/SpectatorB/Content/Bamboo_grove/materials/MI_tori_gates_1.uasset" 507
"../../../../../../Users/jpave/Documents/Joaco/Proyectos/SpectatorB/Content/Bamboo_grove/meshes/SM_tori_gates_1.uasset" 508
"../../../../../../Users/jpave/Documents/Joaco/Proyectos/SpectatorB/Content/Bamboo_grove/Blueprints/Tori_Gate.uasset" 509
"../../../../../../Users/jpave/Documents/Joaco/Proyectos/SpectatorB/Content/logos_unreal/CasaJapon.uasset" 510
"../../../../../../Users/jpave/Documents/Joaco/Proyectos/SpectatorB/Content/logos_unreal/Buddha.uasset" 511
"../../../../../../Users/jpave/Documents/Joaco/Proyectos/SpectatorB/Content/CHERRY_TREE/Textures/Cherry_Tree/Cherry_04/T_Cherry_tree_04_BILL_SUB.uasset" 512
"../../../../../../Users/jpave/Documents/Joaco/Proyectos/SpectatorB/Content/CHERRY_TREE/Textures/Cherry_Tree/Cherry_04/T_Cherry_tree_04_BILL_N.uasset" 513
"../../../../../../Users/jpave/Documents/Joaco/Proyectos/SpectatorB/Content/CHERRY_TREE/Textures/Cherry_Tree/Cherry_04/T_Cherry_tree_04_BILL_D.uasset" 514
"../../../Engine/Content/Functions/Engine_MaterialFunctions01/SpeedTree/SpeedTreeCrossfadeBillboard.uasset" 515
"../../../Engine/Content/Functions/Engine_MaterialFunctions01/SpeedTree/SpeedTreeBillboardNormals.uasset" 516
"../../../../../../Users/jpave/Documents/Joaco/Proyectos/SpectatorB/Content/CHERRY_TREE/Textures/Default/T_white_map_D.uasset" 517
"../../../../../../Users/jpave/Documents/Joaco/Proyectos/SpectatorB/Content/CHERRY_TREE/Textures/Default/T_blue_map_N.uasset" 518
"../../../../../../Users/jpave/Documents/Joaco/Proyectos/SpectatorB/Content/CHERRY_TREE/Materials/Master/M_foliage_BILL.uasset" 519
"../../../../../../Users/jpave/Documents/Joaco/Proyectos/SpectatorB/Content/CHERRY_TREE/Materials/Instances/Cherry_Tree/Cherry_04/MI_Cherry_tree_04_BILL.uasset" 520
"../../../../../../Users/jpave/Documents/Joaco/Proyectos/SpectatorB/Content/CHERRY_TREE/Textures/Cherry_Tree/Cherry_02/T_Cherry_02_cluster_SUB.uasset" 521
"../../../../../../Users/jpave/Documents/Joaco/Proyectos/SpectatorB/Content/CHERRY_TREE/Textures/Cherry_Tree/Cherry_02/T_Cherry_02_cluster_R.uasset" 522
"../../../../../../Users/jpave/Documents/Joaco/Proyectos/SpectatorB/Content/CHERRY_TREE/Textures/Cherry_Tree/Cherry_02/T_Cherry_02_cluster_N.uasset" 523
"../../../../../../Users/jpave/Documents/Joaco/Proyectos/SpectatorB/Content/CHERRY_TREE/Textures/Cherry_Tree/Cherry_02/T_Cherry_02_cluster_M.uasset" 524
"../../../../../../Users/jpave/Documents/Joaco/Proyectos/SpectatorB/Content/CHERRY_TREE/Textures/Cherry_Tree/Cherry_02/T_Cherry_02_cluster_D.uasset" 525
"../../../../../../Users/jpave/Documents/Joaco/Proyectos/SpectatorB/Content/CHERRY_TREE/Textures/Cherry_Tree/Cherry_02/T_Cherry_02_cluster_AO.uasset" 526
"../../../Engine/Content/Functions/Engine_MaterialFunctions01/SpeedTree/SpeedTreeColorVariation.uasset" 527
"../../../../../../Users/jpave/Documents/Joaco/Proyectos/SpectatorB/Content/CHERRY_TREE/Materials/Master/M_leaf_with_wind.uasset" 528
"../../../../../../Users/jpave/Documents/Joaco/Proyectos/SpectatorB/Content/CHERRY_TREE/Materials/Instances/Cherry_Tree/Cherry_04/MI_Cherry_04_cluster.uasset" 529
"../../../../../../Users/jpave/Documents/Joaco/Proyectos/SpectatorB/Content/CHERRY_TREE/Textures/Cherry_Tree/Cherry_01/T_Cherry_bark_01_R.uasset" 530
"../../../../../../Users/jpave/Documents/Joaco/Proyectos/SpectatorB/Content/CHERRY_TREE/Textures/Cherry_Tree/Cherry_01/T_Cherry_bark_01_N.uasset" 531
"../../../../../../Users/jpave/Documents/Joaco/Proyectos/SpectatorB/Content/CHERRY_TREE/Textures/Cherry_Tree/Cherry_01/T_Cherry_bark_01_D.uasset" 532
"../../../../../../Users/jpave/Documents/Joaco/Proyectos/SpectatorB/Content/CHERRY_TREE/Textures/Cherry_Tree/Cherry_01/T_Cherry_bark_01_AO.uasset" 533
"../../../../../../Users/jpave/Documents/Joaco/Proyectos/SpectatorB/Content/CHERRY_TREE/Materials/Master/M_Bark.uasset" 534
"../../../../../../Users/jpave/Documents/Joaco/Proyectos/SpectatorB/Content/CHERRY_TREE/Materials/Instances/Cherry_Tree/Cherry_04/MI_Cherry_04_bark.uasset" 535
"../../../../../../Users/jpave/Documents/Joaco/Proyectos/SpectatorB/Content/CHERRY_TREE/Meshes/Cherry_Tree/SM_Cherry_tree_04.uasset" 536
"../../../../../../Users/jpave/Documents/Joaco/Proyectos/SpectatorB/Content/CHERRY_TREE/Meshes/Cherry_Tree/Cherry_tree4.uasset" 537
"../../../../../../Users/jpave/Documents/Joaco/Proyectos/SpectatorB/Content/CHERRY_TREE/Textures/Cherry_Tree/Cherry_03/T_Cherry_tree_03_BILL_SUB.uasset" 538
"../../../../../../Users/jpave/Documents/Joaco/Proyectos/SpectatorB/Content/CHERRY_TREE/Textures/Cherry_Tree/Cherry_03/T_Cherry_tree_03_BILL_N.uasset" 539
"../../../../../../Users/jpave/Documents/Joaco/Proyectos/SpectatorB/Content/CHERRY_TREE/Textures/Cherry_Tree/Cherry_03/T_Cherry_tree_03_BILL_D.uasset" 540
"../../../../../../Users/jpave/Documents/Joaco/Proyectos/SpectatorB/Content/CHERRY_TREE/Materials/Instances/Cherry_Tree/Cherry_03/MI_Cherry_tree_03_BILL.uasset" 541
"../../../../../../Users/jpave/Documents/Joaco/Proyectos/SpectatorB/Content/CHERRY_TREE/Materials/Instances/Cherry_Tree/Cherry_03/MI_Cherry_03_cluster.uasset" 542
"../../../../../../Users/jpave/Documents/Joaco/Proyectos/SpectatorB/Content/CHERRY_TREE/Materials/Instances/Cherry_Tree/Cherry_03/MI_Cherry_03_bark.uasset" 543
"../../../../../../Users/jpave/Documents/Joaco/Proyectos/SpectatorB/Content/CHERRY_TREE/Meshes/Cherry_Tree/SM_Cherry_tree_03.uasset" 544
"../../../../../../Users/jpave/Documents/Joaco/Proyectos/SpectatorB/Content/CHERRY_TREE/Meshes/Cherry_Tree/Cherry_tree3.uasset" 545
"../../../../../../Users/jpave/Documents/Joaco/Proyectos/SpectatorB/Content/CHERRY_TREE/Textures/Cherry_Tree/Cherry_02/T_Cherry_tree_02_BILL_SUB.uasset" 546
"../../../../../../Users/jpave/Documents/Joaco/Proyectos/SpectatorB/Content/CHERRY_TREE/Textures/Cherry_Tree/Cherry_02/T_Cherry_tree_02_BILL_N.uasset" 547
"../../../../../../Users/jpave/Documents/Joaco/Proyectos/SpectatorB/Content/CHERRY_TREE/Textures/Cherry_Tree/Cherry_02/T_Cherry_tree_02_BILL_D.uasset" 548
"../../../../../../Users/jpave/Documents/Joaco/Proyectos/SpectatorB/Content/CHERRY_TREE/Materials/Instances/Cherry_Tree/Cherry_02/MI_Cherry_tree_02_BILL.uasset" 549
"../../../../../../Users/jpave/Documents/Joaco/Proyectos/SpectatorB/Content/CHERRY_TREE/Materials/Instances/Cherry_Tree/Cherry_02/MI_Cherry_02_cluster.uasset" 550
"../../../../../../Users/jpave/Documents/Joaco/Proyectos/SpectatorB/Content/CHERRY_TREE/Materials/Instances/Cherry_Tree/Cherry_02/MI_Cherry_02_bark.uasset" 551
"../../../../../../Users/jpave/Documents/Joaco/Proyectos/SpectatorB/Content/CHERRY_TREE/Meshes/Cherry_Tree/SM_Cherry_tree_02.uasset" 552
"../../../../../../Users/jpave/Documents/Joaco/Proyectos/SpectatorB/Content/CHERRY_TREE/Meshes/Cherry_Tree/Cherry_tree2.uasset" 553
"../../../../../../Users/jpave/Documents/Joaco/Proyectos/SpectatorB/Content/CHERRY_TREE/Textures/Cherry_Tree/Cherry_01/T_Cherry_tree_01_BILL_SUB.uasset" 554
"../../../../../../Users/jpave/Documents/Joaco/Proyectos/SpectatorB/Content/CHERRY_TREE/Textures/Cherry_Tree/Cherry_01/T_Cherry_tree_01_BILL_N.uasset" 555
"../../../../../../Users/jpave/Documents/Joaco/Proyectos/SpectatorB/Content/CHERRY_TREE/Textures/Cherry_Tree/Cherry_01/T_Cherry_tree_01_BILL_D.uasset" 556
"../../../../../../Users/jpave/Documents/Joaco/Proyectos/SpectatorB/Content/CHERRY_TREE/Materials/Instances/Cherry_Tree/Cherry_01/MI_Cherry_tree_01_BILL.uasset" 557
"../../../../../../Users/jpave/Documents/Joaco/Proyectos/SpectatorB/Content/CHERRY_TREE/Textures/Cherry_Tree/Cherry_01/T_Cherry_01_cluster_SUB.uasset" 558
"../../../../../../Users/jpave/Documents/Joaco/Proyectos/SpectatorB/Content/CHERRY_TREE/Textures/Cherry_Tree/Cherry_01/T_Cherry_01_cluster_R.uasset" 559
"../../../../../../Users/jpave/Documents/Joaco/Proyectos/SpectatorB/Content/CHERRY_TREE/Textures/Cherry_Tree/Cherry_01/T_Cherry_01_cluster_N.uasset" 560
"../../../../../../Users/jpave/Documents/Joaco/Proyectos/SpectatorB/Content/CHERRY_TREE/Textures/Cherry_Tree/Cherry_01/T_Cherry_01_cluster_M.uasset" 561
"../../../../../../Users/jpave/Documents/Joaco/Proyectos/SpectatorB/Content/CHERRY_TREE/Textures/Cherry_Tree/Cherry_01/T_Cherry_01_cluster_D.uasset" 562
"../../../../../../Users/jpave/Documents/Joaco/Proyectos/SpectatorB/Content/CHERRY_TREE/Textures/Cherry_Tree/Cherry_01/T_Cherry_01_cluster_AO.uasset" 563
"../../../../../../Users/jpave/Documents/Joaco/Proyectos/SpectatorB/Content/CHERRY_TREE/Materials/Instances/Cherry_Tree/Cherry_01/MI_Cherry_01_cluster.uasset" 564
"../../../../../../Users/jpave/Documents/Joaco/Proyectos/SpectatorB/Content/CHERRY_TREE/Materials/Instances/Cherry_Tree/Cherry_01/MI_Cherry_01_bark.uasset" 565
"../../../../../../Users/jpave/Documents/Joaco/Proyectos/SpectatorB/Content/CHERRY_TREE/Meshes/Cherry_Tree/SM_Cherry_tree_01.uasset" 566
"../../../../../../Users/jpave/Documents/Joaco/Proyectos/SpectatorB/Content/CHERRY_TREE/Meshes/Cherry_Tree/Cherry_tree1.uasset" 567
"../../../../../../Users/jpave/Documents/Joaco/Proyectos/SpectatorB/Content/casa_japon/3low_defaultMat_OcclusionRoughnessMetallic.uasset" 568
"../../../../../../Users/jpave/Documents/Joaco/Proyectos/SpectatorB/Content/casa_japon/3low_defaultMat_Normal.uasset" 569
"../../../../../../Users/jpave/Documents/Joaco/Proyectos/SpectatorB/Content/casa_japon/3low_defaultMat_BaseColor.uasset" 570
"../../../../../../Users/jpave/Documents/Joaco/Proyectos/SpectatorB/Content/casa_japon/lambert7.uasset" 571
"../../../../../../Users/jpave/Documents/Joaco/Proyectos/SpectatorB/Content/casa_japon/2low_polySurface842_Bake_OcclusionRoughnessMetallic.uasset" 572
"../../../../../../Users/jpave/Documents/Joaco/Proyectos/SpectatorB/Content/casa_japon/2low_polySurface842_Bake_Normal.uasset" 573
"../../../../../../Users/jpave/Documents/Joaco/Proyectos/SpectatorB/Content/casa_japon/2low_polySurface842_Bake_BaseColor.uasset" 574
"../../../../../../Users/jpave/Documents/Joaco/Proyectos/SpectatorB/Content/casa_japon/lambert6.uasset" 575
"../../../../../../Users/jpave/Documents/Joaco/Proyectos/SpectatorB/Content/casa_japon/1low_1_OcclusionRoughnessMetallic.uasset" 576
"../../../../../../Users/jpave/Documents/Joaco/Proyectos/SpectatorB/Content/casa_japon/1low_1_Normal.uasset" 577
"../../../../../../Users/jpave/Documents/Joaco/Proyectos/SpectatorB/Content/casa_japon/1low_1_BaseColor.uasset" 578
"../../../../../../Users/jpave/Documents/Joaco/Proyectos/SpectatorB/Content/casa_japon/lambert5.uasset" 579
"../../../../../../Users/jpave/Documents/Joaco/Proyectos/SpectatorB/Content/casa_japon/casa_japonesa.uasset" 580
"../../../../../../Users/jpave/Documents/Joaco/Proyectos/SpectatorB/Content/casa_japon/casa_japon.uasset" 581
"../../../../../../Users/jpave/Documents/Joaco/Proyectos/SpectatorB/Content/NovemberRain/BuildMenuSample_B/japon.uasset" 582
"../../../../../../Users/jpave/Documents/Joaco/Proyectos/SpectatorB/Content/GenericRadialMenus/Example/BuildMenuSample/Categories.uasset" 583
"../../../../../../Users/jpave/Documents/Joaco/Proyectos/SpectatorB/Content/GenericRadialMenus/Example/InventorySample/T_x_icon.uasset" 584
"../../../../../../Users/jpave/Documents/Joaco/Proyectos/SpectatorB/Content/GenericRadialMenus/Templates/UMG_SimpleInputWidget.uasset" 585
"../../../../../../Users/jpave/Documents/Joaco/Proyectos/SpectatorB/Content/GenericRadialMenus/Blueprints/BP_RadialInputPlayerController.uasset" 586
"../../../../../../Users/jpave/Documents/Joaco/Proyectos/SpectatorB/Content/GenericRadialMenus/Templates/UMG_MultiMenuTemplate.uasset" 587
"../../../../../../Users/jpave/Documents/Joaco/Proyectos/SpectatorB/Content/GenericRadialMenus/Example/InventorySample/ToolData.uasset" 588
"../../../../../../Users/jpave/Documents/Joaco/Proyectos/SpectatorB/Content/GenericRadialMenus/Example/InventorySample/T_shotgun_icon.uasset" 589
"../../../../../../Users/jpave/Documents/Joaco/Proyectos/SpectatorB/Content/GenericRadialMenus/Example/InventorySample/UMG_TestItem.uasset" 590
"../../../../../../Users/jpave/Documents/Joaco/Proyectos/SpectatorB/Content/GenericRadialMenus/Example/UMG_PlayerHUDTest.uasset" 591
"../../../../../../Users/jpave/Documents/Joaco/Proyectos/SpectatorB/Content/GenericRadialMenus/Example/InventorySample/T_revolver_icon.uasset" 592
"../../../../../../Users/jpave/Documents/Joaco/Proyectos/SpectatorB/Content/GenericRadialMenus/Example/InventorySample/T_crowbar_icon.uasset" 593
"../../../Engine/Content/VREditor/Sounds/UI/Dockable_Window_Open.uasset" 594
"../../../../../../Users/jpave/Documents/Joaco/Proyectos/SpectatorB/Content/GenericRadialMenus/Example/BP_TestPlayer.uasset" 595
"../../../../../../Users/jpave/Documents/Joaco/Proyectos/SpectatorB/Content/GenericRadialMenus/Example/InventorySample/UMG_TestInventoryMenu.uasset" 596
"../../../../../../Users/jpave/Documents/Joaco/Proyectos/SpectatorB/Content/Blueprints/Blueprints/PersonPlayerController1.uasset" 597
"../../../../../../Users/jpave/Documents/Joaco/Proyectos/SpectatorB/Content/Blueprints/TEST/TESTCamera.uasset" 598
"../../../../../../Users/jpave/Documents/Joaco/Proyectos/SpectatorB/Content/Blueprints/Blueprints/PersonCharacter2.uasset" 599
"../../../../../../Users/jpave/Documents/Joaco/Proyectos/SpectatorB/Content/OMPST_V2/Blueprints/State/BP_MainGameState.uasset" 600
"../../../../../../Users/jpave/Documents/Joaco/Proyectos/SpectatorB/Content/OMPST_V2/Blueprints/State/BP_MainPlayerState.uasset" 601
"../../../../../../Users/jpave/Documents/Joaco/Proyectos/SpectatorB/Content/OMPST_V2/Widgets/InGame/WG_PlayerStatForTabMenu.uasset" 602
"../../../../../../Users/jpave/Documents/Joaco/Proyectos/SpectatorB/Content/OMPST_V2/Widgets/InGame/WG_TabMenuTeam.uasset" 603
"../../../../../../Users/jpave/Documents/Joaco/Proyectos/SpectatorB/Content/OMPST_V2/Assets/Pictures/ForWeapon/scope.uasset" 604
"../../../../../../Users/jpave/Documents/Joaco/Proyectos/SpectatorB/Content/OMPST_V2/Widgets/InGame/WG_Scope.uasset" 605
"../../../../../../Users/jpave/Documents/Joaco/Proyectos/SpectatorB/Content/OMPST_V2/Widgets/InGame/WG_GameMenu.uasset" 606
"../../../../../../Users/jpave/Documents/Joaco/Proyectos/SpectatorB/Content/OMPST_V2/Assets/Pictures/ForGame/Damage.uasset" 607
"../../../../../../Users/jpave/Documents/Joaco/Proyectos/SpectatorB/Content/OMPST_V2/Widgets/InGame/WG_Damage.uasset" 608
"../../../../../../Users/jpave/Documents/Joaco/Proyectos/SpectatorB/Content/OMPST_V2/Weapons/Data/SA_Shoot.uasset" 609
"../../../../../../Users/jpave/Documents/Joaco/Proyectos/SpectatorB/Content/OMPST_V2/Weapons/FPWeapon/TileGrey.uasset" 610
"../../../../../../Users/jpave/Documents/Joaco/Proyectos/SpectatorB/Content/OMPST_V2/Weapons/FPWeapon/TileGrey_Mat.uasset" 611
"../../../../../../Users/jpave/Documents/Joaco/Proyectos/SpectatorB/Content/OMPST_V2/Weapons/FPWeapon/Third/Black_Tex.uasset" 612
"../../../../../../Users/jpave/Documents/Joaco/Proyectos/SpectatorB/Content/OMPST_V2/Weapons/FPWeapon/Third/My_Black_Mat.uasset" 613
"../../../../../../Users/jpave/Documents/Joaco/Proyectos/SpectatorB/Content/OMPST_V2/Weapons/FPWeapon/Secondary/My_Red_Mat.uasset" 614
"../../../../../../Users/jpave/Documents/Joaco/Proyectos/SpectatorB/Content/OMPST_V2/Widgets/RoundEnd/WG_TeamRoundEnd.uasset" 615
"../../../../../../Users/jpave/Documents/Joaco/Proyectos/SpectatorB/Content/OMPST_V2/Widgets/RoundEnd/WG_RoundEnd.uasset" 616
"../../../../../../Users/jpave/Documents/Joaco/Proyectos/SpectatorB/Content/OMPST_V2/Widgets/PreStart/WG_ToManyPlayers.uasset" 617
"../../../../../../Users/jpave/Documents/Joaco/Proyectos/SpectatorB/Content/OMPST_V2/Widgets/PreStart/WG_PreStartPlayer.uasset" 618
"../../../../../../Users/jpave/Documents/Joaco/Proyectos/SpectatorB/Content/OMPST_V2/Widgets/PreStart/WG_TeamPreStartInProgress.uasset" 619
"../../../../../../Users/jpave/Documents/Joaco/Proyectos/SpectatorB/Content/OMPST_V2/Widgets/PreStart/WG_TeamPreStart.uasset" 620
"../../../../../../Users/jpave/Documents/Joaco/Proyectos/SpectatorB/Content/OMPST_V2/Widgets/PreStart/WG_PreStartRoundInProgress.uasset" 621
"../../../../../../Users/jpave/Documents/Joaco/Proyectos/SpectatorB/Content/OMPST_V2/Widgets/PreStart/WG_PreStart.uasset" 622
"../../../../../../Users/jpave/Documents/Joaco/Proyectos/SpectatorB/Content/OMPST_V2/Widgets/KillChat/WG_KillerInfo.uasset" 623
"../../../../../../Users/jpave/Documents/Joaco/Proyectos/SpectatorB/Content/OMPST_V2/Widgets/KillChat/WG_KillChat.uasset" 624
"../../../../../../Users/jpave/Documents/Joaco/Proyectos/SpectatorB/Content/OMPST_V2/Widgets/KillChat/WG_KillChatWidget.uasset" 625
"../../../../../../Users/jpave/Documents/Joaco/Proyectos/SpectatorB/Content/Menu/logos_playstage/playstage_logo.uasset" 626
"../../../../../../Users/jpave/Documents/Joaco/Proyectos/SpectatorB/Content/OMPST_V2/Widgets/Effect/WG_StartLogo.uasset" 627
"../../../../../../Users/jpave/Documents/Joaco/Proyectos/SpectatorB/Content/OMPST_V2/Widgets/Chat/WG_ChatMessageInput.uasset" 628
"../../../../../../Users/jpave/Documents/Joaco/Proyectos/SpectatorB/Content/OMPST_V2/Widgets/Chat/WG_ChatMessage.uasset" 629
"../../../../../../Users/jpave/Documents/Joaco/Proyectos/SpectatorB/Content/OMPST_V2/Widgets/Chat/WG_Chat.uasset" 630
"../../../../../../Users/jpave/Documents/Joaco/Proyectos/SpectatorB/Content/OMPST_V2/Widgets/BP_MainHud.uasset" 631
"../../../../../../Users/jpave/Documents/Joaco/Proyectos/SpectatorB/Content/OMPST_V2/Blueprints/Player/BP_GameSpector.uasset" 632
"../../../../../../Users/jpave/Documents/Joaco/Proyectos/SpectatorB/Content/OMPST_V2/Blueprints/Player/BP_GameSpectorToChar.uasset" 633
"../../../../../../Users/jpave/Documents/Joaco/Proyectos/SpectatorB/Content/OMPST_V2/Blueprints/LevelComponent/BP_GameStartPosition.uasset" 634
"../../../../../../Users/jpave/Documents/Joaco/Proyectos/SpectatorB/Content/OMPST_V2/Blueprints/GameMode/BP_MainGameMode.uasset" 635
"../../../../../../Users/jpave/Documents/Joaco/Proyectos/SpectatorB/Content/OMPST_V2/Blueprints/Player/BP_MainControler.uasset" 636
"../../../../../../Users/jpave/Documents/Joaco/Proyectos/SpectatorB/Content/OMPST_V2/Assets/UsedContent/Textures/T_Spark_Core.uasset" 637
"../../../../../../Users/jpave/Documents/Joaco/Proyectos/SpectatorB/Content/OMPST_V2/Assets/UsedContent/Particles/Materials/M_Spark.uasset" 638
"../../../../../../Users/jpave/Documents/Joaco/Proyectos/SpectatorB/Content/OMPST_V2/Assets/UsedContent/Textures/T_Smoke_Tiled_D.uasset" 639
"../../../../../../Users/jpave/Documents/Joaco/Proyectos/SpectatorB/Content/OMPST_V2/Assets/UsedContent/Textures/T_Smoke_SubUV.uasset" 640
"../../../../../../Users/jpave/Documents/Joaco/Proyectos/SpectatorB/Content/OMPST_V2/Assets/UsedContent/Particles/Materials/M_smoke_subUV.uasset" 641
"../../../Engine/Content/Functions/Engine_MaterialFunctions01/Gradient/RadialGradient.uasset" 642
"../../../../../../Users/jpave/Documents/Joaco/Proyectos/SpectatorB/Content/OMPST_V2/Assets/UsedContent/Particles/Materials/M_Radial_Gradient.uasset" 643
"../../../../../../Users/jpave/Documents/Joaco/Proyectos/SpectatorB/Content/OMPST_V2/Assets/UsedContent/Particles/P_Sparks.uasset" 644
"../../../../../../Users/jpave/Documents/Joaco/Proyectos/SpectatorB/Content/OMPST_V2/Assets/UsedContent/Blueprints/Blueprint_Effect_Sparks.uasset" 645
"../../../../../../Users/jpave/Documents/Joaco/Proyectos/SpectatorB/Content/OMPST_V2/Assets/Anim/Mannequin/Mesh/UE4_Mannequin_Skeleton.uasset" 646
"../../../Engine/Content/Animation/DefaultAnimBoneCompressionSettings.uasset" 647
"../../../../../../Users/jpave/Documents/Joaco/Proyectos/SpectatorB/Content/OMPST_V2/Assets/Anim/Walk_Rt_Rifle_Ironsights.uasset" 648
"../../../../../../Users/jpave/Documents/Joaco/Proyectos/SpectatorB/Content/OMPST_V2/Assets/Anim/Walk_Lt_Rifle_Ironsights.uasset" 649
"../../../../../../Users/jpave/Documents/Joaco/Proyectos/SpectatorB/Content/OMPST_V2/Assets/Anim/Walk_Fwd_Rifle_Ironsights.uasset" 650
"../../../../../../Users/jpave/Documents/Joaco/Proyectos/SpectatorB/Content/OMPST_V2/Assets/Anim/Walk_Bwd_Rifle_Ironsights.uasset" 651
"../../../../../../Users/jpave/Documents/Joaco/Proyectos/SpectatorB/Content/OMPST_V2/Assets/Anim/BS_Walk.uasset" 652
"../../../../../../Users/jpave/Documents/Joaco/Proyectos/SpectatorB/Content/OMPST_V2/Assets/Anim/Jog_Rt_Rifle.uasset" 653
"../../../../../../Users/jpave/Documents/Joaco/Proyectos/SpectatorB/Content/OMPST_V2/Assets/Anim/Jog_Lt_Rifle.uasset" 654
"../../../../../../Users/jpave/Documents/Joaco/Proyectos/SpectatorB/Content/OMPST_V2/Assets/Anim/Jog_Fwd_Rifle.uasset" 655
"../../../../../../Users/jpave/Documents/Joaco/Proyectos/SpectatorB/Content/OMPST_V2/Assets/Anim/Jog_Bwd_Rifle.uasset" 656
"../../../../../../Users/jpave/Documents/Joaco/Proyectos/SpectatorB/Content/OMPST_V2/Assets/Anim/BS_Jog.uasset" 657
"../../../../../../Users/jpave/Documents/Joaco/Proyectos/SpectatorB/Content/OMPST_V2/Assets/Anim/Crouch_Walk_Rt_Rifle_Ironsights.uasset" 658
"../../../../../../Users/jpave/Documents/Joaco/Proyectos/SpectatorB/Content/OMPST_V2/Assets/Anim/Crouch_Walk_Lt_Rifle_Ironsights.uasset" 659
"../../../../../../Users/jpave/Documents/Joaco/Proyectos/SpectatorB/Content/OMPST_V2/Assets/Anim/Crouch_Walk_Fwd_Rifle_Ironsights.uasset" 660
"../../../../../../Users/jpave/Documents/Joaco/Proyectos/SpectatorB/Content/OMPST_V2/Assets/Anim/Crouch_Walk_Bwd_Rifle_Ironsights.uasset" 661
"../../../../../../Users/jpave/Documents/Joaco/Proyectos/SpectatorB/Content/OMPST_V2/Assets/Anim/BS_CrouchWalk_Ironsight.uasset" 662
"../../../../../../Users/jpave/Documents/Joaco/Proyectos/SpectatorB/Content/OMPST_V2/Assets/Anim/Crouch_Walk_Rt_Rifle_Hip.uasset" 663
"../../../../../../Users/jpave/Documents/Joaco/Proyectos/SpectatorB/Content/OMPST_V2/Assets/Anim/Crouch_Walk_Lt_Rifle_Hip.uasset" 664
"../../../../../../Users/jpave/Documents/Joaco/Proyectos/SpectatorB/Content/OMPST_V2/Assets/Anim/Crouch_Walk_Fwd_Rifle_Hip.uasset" 665
"../../../../../../Users/jpave/Documents/Joaco/Proyectos/SpectatorB/Content/OMPST_V2/Assets/Anim/Crouch_Walk_Bwd_Rifle_Hip.uasset" 666
"../../../../../../Users/jpave/Documents/Joaco/Proyectos/SpectatorB/Content/OMPST_V2/Assets/Anim/BS_CrouchWalk.uasset" 667
"../../../../../../Users/jpave/Documents/Joaco/Proyectos/SpectatorB/Content/OMPST_V2/Assets/Anim/Sprint_Rifle.uasset" 668
"../../../../../../Users/jpave/Documents/Joaco/Proyectos/SpectatorB/Content/OMPST_V2/Assets/Anim/Jump_From_Jog.uasset" 669
"../../../../../../Users/jpave/Documents/Joaco/Proyectos/SpectatorB/Content/OMPST_V2/Assets/Anim/Idle_Rifle_Ironsights.uasset" 670
"../../../../../../Users/jpave/Documents/Joaco/Proyectos/SpectatorB/Content/OMPST_V2/Assets/Anim/Fire_Rifle_Hip.uasset" 671
"../../../../../../Users/jpave/Documents/Joaco/Proyectos/SpectatorB/Content/OMPST_V2/Assets/Anim/Idle_Rifle_Hip.uasset" 672
"../../../../../../Users/jpave/Documents/Joaco/Proyectos/SpectatorB/Content/OMPST_V2/Assets/Anim/Crouch_Idle_Rifle_Ironsights.uasset" 673
"../../../../../../Users/jpave/Documents/Joaco/Proyectos/SpectatorB/Content/OMPST_V2/Assets/Anim/Crouch_Idle_Rifle_Hip.uasset" 674
"../../../Engine/Content/Animation/DefaultRecorderBoneCompression.uasset" 675
"../../../../../../Users/jpave/Documents/Joaco/Proyectos/SpectatorB/Content/OMPST_V2/Assets/Anim/AimOffset/AimIronUp.uasset" 676
"../../../../../../Users/jpave/Documents/Joaco/Proyectos/SpectatorB/Content/OMPST_V2/Assets/Anim/AimOffset/AimIronMid.uasset" 677
"../../../../../../Users/jpave/Documents/Joaco/Proyectos/SpectatorB/Content/OMPST_V2/Assets/Anim/AimOffset/AimIronDown.uasset" 678
"../../../../../../Users/jpave/Documents/Joaco/Proyectos/SpectatorB/Content/OMPST_V2/Assets/Anim/AimOffset/AimOffsetIron1D.uasset" 679
"../../../../../../Users/jpave/Documents/Joaco/Proyectos/SpectatorB/Content/OMPST_V2/Assets/Anim/AimOffset/AimHipUp.uasset" 680
"../../../../../../Users/jpave/Documents/Joaco/Proyectos/SpectatorB/Content/OMPST_V2/Assets/Anim/AimOffset/AimHipMid.uasset" 681
"../../../../../../Users/jpave/Documents/Joaco/Proyectos/SpectatorB/Content/OMPST_V2/Assets/Anim/AimOffset/AimHipDown.uasset" 682
"../../../../../../Users/jpave/Documents/Joaco/Proyectos/SpectatorB/Content/OMPST_V2/Assets/Anim/AimOffset/AimOffsetHip1D.uasset" 683
"../../../../../../Users/jpave/Documents/Joaco/Proyectos/SpectatorB/Content/OMPST_V2/Assets/Anim/BP_Anim.uasset" 684
"../../../../../../Users/jpave/Documents/Joaco/Proyectos/SpectatorB/Content/OMPST_V2/Assets/Anim/Reload_Rifle_Hip.uasset" 685
"../../../../../../Users/jpave/Documents/Joaco/Proyectos/SpectatorB/Content/OMPST_V2/Assets/Anim/AnimReload.uasset" 686
"../../../../../../Users/jpave/Documents/Joaco/Proyectos/SpectatorB/Content/OMPST_V2/Assets/Anim/AnimFIreHip.uasset" 687
"../../../../../../Users/jpave/Documents/Joaco/Proyectos/SpectatorB/Content/OMPST_V2/Assets/Anim/Equip_Rifle_Standing.uasset" 688
"../../../../../../Users/jpave/Documents/Joaco/Proyectos/SpectatorB/Content/OMPST_V2/Assets/Anim/AnimChange.uasset" 689
"../../../../../../Users/jpave/Documents/Joaco/Proyectos/SpectatorB/Content/OMPST_V2/Assets/Audio/Fire.uasset" 690
"../../../../../../Users/jpave/Documents/Joaco/Proyectos/SpectatorB/Content/OMPST_V2/Assets/Audio/Fire_Cue.uasset" 691
"../../../../../../Users/jpave/Documents/Joaco/Proyectos/SpectatorB/Content/OMPST_V2/Assets/Anim/Mannequin/Mesh/SK_Mannequin_PhysicsAsset.uasset" 692
"../../../../../../Users/jpave/Documents/Joaco/Proyectos/SpectatorB/Content/OMPST_V2/Assets/Anim/Mannequin/Textures/UE4Man_Logo_N.uasset" 693
"../../../../../../Users/jpave/Documents/Joaco/Proyectos/SpectatorB/Content/OMPST_V2/Assets/Anim/Mannequin/Textures/UE4_Mannequin_occlusion_Mobile.uasset" 694
"../../../../../../Users/jpave/Documents/Joaco/Proyectos/SpectatorB/Content/OMPST_V2/Assets/Anim/Mannequin/Textures/UE4_Mannequin_MAT_MASKA.uasset" 695
"../../../../../../Users/jpave/Documents/Joaco/Proyectos/SpectatorB/Content/OMPST_V2/Assets/Anim/Mannequin/Textures/UE4_Mannequin__normals.uasset" 696
"../../../../../../Users/jpave/Documents/Joaco/Proyectos/SpectatorB/Content/OMPST_V2/Assets/Anim/Mannequin/Materials/MaterialLayers/T_ML_Rubber_Blue_01_N.uasset" 697
"../../../../../../Users/jpave/Documents/Joaco/Proyectos/SpectatorB/Content/OMPST_V2/Assets/Anim/Mannequin/Materials/MaterialLayers/T_ML_Rubber_Blue_01_D.uasset" 698
"../../../../../../Users/jpave/Documents/Joaco/Proyectos/SpectatorB/Content/OMPST_V2/Assets/Anim/Mannequin/Materials/MaterialLayers/T_ML_Aluminum01_N.uasset" 699
"../../../../../../Users/jpave/Documents/Joaco/Proyectos/SpectatorB/Content/OMPST_V2/Assets/Anim/Mannequin/Materials/MaterialLayers/T_ML_Aluminum01.uasset" 700
"../../../../../../Users/jpave/Documents/Joaco/Proyectos/SpectatorB/Content/OMPST_V2/Assets/Anim/Mannequin/Materials/MaterialLayers/ML_SoftMetal_UE4.uasset" 701
"../../../../../../Users/jpave/Documents/Joaco/Proyectos/SpectatorB/Content/OMPST_V2/Assets/Anim/Mannequin/Materials/MaterialLayers/ML_Plastic_Shiny_Beige_LOGO.uasset" 702
"../../../../../../Users/jpave/Documents/Joaco/Proyectos/SpectatorB/Content/OMPST_V2/Assets/Anim/Mannequin/Materials/MaterialLayers/ML_Plastic_Shiny_Beige.uasset" 703
"../../../../../../Users/jpave/Documents/Joaco/Proyectos/SpectatorB/Content/OMPST_V2/Assets/Anim/Mannequin/Materials/MaterialLayers/ML_GlossyBlack_Latex_UE4.uasset" 704
"../../../Engine/Content/Functions/MaterialLayerFunctions/MatLayerBlend_AO.uasset" 705
"../../../../../../Users/jpave/Documents/Joaco/Proyectos/SpectatorB/Content/OMPST_V2/Assets/Anim/Mannequin/Materials/M_UE4Man_Body.uasset" 706
"../../../../../../Users/jpave/Documents/Joaco/Proyectos/SpectatorB/Content/OMPST_V2/Assets/Anim/Mannequin/Materials/M_UE4Man_ChestLogo.uasset" 707
"../../../../../../Users/jpave/Documents/Joaco/Proyectos/SpectatorB/Content/OMPST_V2/Assets/Anim/Mannequin/Mesh/SK_Mannequin.uasset" 708
"../../../../../../Users/jpave/Documents/Joaco/Proyectos/SpectatorB/Content/OMPST_V2/Assets/Anim/Death_Ironsights_2.uasset" 709
"../../../../../../Users/jpave/Documents/Joaco/Proyectos/SpectatorB/Content/OMPST_V2/Assets/Anim/Death_Ironsights_1.uasset" 710
"../../../../../../Users/jpave/Documents/Joaco/Proyectos/SpectatorB/Content/OMPST_V2/Assets/Anim/Death_2.uasset" 711
"../../../../../../Users/jpave/Documents/Joaco/Proyectos/SpectatorB/Content/OMPST_V2/Assets/Anim/Death_1.uasset" 712
"../../../../../../Users/jpave/Documents/Joaco/Proyectos/SpectatorB/Content/OMPST_V2/Assets/Anim/Death_3.uasset" 713
"../../../../../../Users/jpave/Documents/Joaco/Proyectos/SpectatorB/Content/OMPST_V2/Assets/Anim/BS_Walk_owner.uasset" 714
"../../../../../../Users/jpave/Documents/Joaco/Proyectos/SpectatorB/Content/OMPST_V2/Assets/Anim/BS_CrouchWalk_Ironsight_Owner.uasset" 715
"../../../../../../Users/jpave/Documents/Joaco/Proyectos/SpectatorB/Content/OMPST_V2/Assets/Anim/BP_AnimForOwner.uasset" 716
"../../../../../../Users/jpave/Documents/Joaco/Proyectos/SpectatorB/Content/OMPST_V2/Blueprints/Player/BP_MainCharacter.uasset" 717
"../../../../../../Users/jpave/Documents/Joaco/Proyectos/SpectatorB/Content/OMPST_V2/Widgets/Menu/WG_SettingsWindow.uasset" 718
"../../../../../../Users/jpave/Documents/Joaco/Proyectos/SpectatorB/Content/Blueprints/GameBPs/GS_FPSpect.uasset" 719
"../../../../../../Users/jpave/Documents/Joaco/Proyectos/SpectatorB/Content/Blueprints/MenuWidgets/P_AdminPChild.uasset" 720
"../../../../../../Users/jpave/Documents/Joaco/Proyectos/SpectatorB/Content/Blueprints/MenuWidgets/P_AdminMenu.uasset" 721
"../../../../../../Users/jpave/Documents/Joaco/Proyectos/SpectatorB/Content/Blueprints/GameBPs/PS_FPSpect.uasset" 722
"../../../../../../Users/jpave/Documents/Joaco/Proyectos/SpectatorB/Content/FirstPerson/Character/Mesh/SK_Mannequin_Arms_Skeleton.uasset" 723
"../../../../../../Users/jpave/Documents/Joaco/Proyectos/SpectatorB/Content/FirstPerson/Animations/FirstPerson_Run.uasset" 724
"../../../../../../Users/jpave/Documents/Joaco/Proyectos/SpectatorB/Content/FirstPerson/Animations/FirstPerson_JumpStart.uasset" 725
"../../../../../../Users/jpave/Documents/Joaco/Proyectos/SpectatorB/Content/FirstPerson/Animations/FirstPerson_JumpLoop.uasset" 726
"../../../../../../Users/jpave/Documents/Joaco/Proyectos/SpectatorB/Content/FirstPerson/Animations/FirstPerson_JumpEnd.uasset" 727
"../../../../../../Users/jpave/Documents/Joaco/Proyectos/SpectatorB/Content/FirstPerson/Animations/FirstPerson_Idle.uasset" 728
"../../../../../../Users/jpave/Documents/Joaco/Proyectos/SpectatorB/Content/FirstPerson/Animations/FirstPerson_AnimBP.uasset" 729
"../../../../../../Users/jpave/Documents/Joaco/Proyectos/SpectatorB/Content/Blueprints/Blueprints/Player_BP.uasset" 730
"../../../../../../Users/jpave/Documents/Joaco/Proyectos/SpectatorB/Content/FirstPerson/Textures/FirstPersonCrosshair.uasset" 731
"../../../../../../Users/jpave/Documents/Joaco/Proyectos/SpectatorB/Content/FirstPersonBP/Blueprints/FirstPersonHUD.uasset" 732
"../../../../../../Users/jpave/Documents/Joaco/Proyectos/SpectatorB/Content/FirstPerson/Meshes/BaseMaterial.uasset" 733
"../../../../../../Users/jpave/Documents/Joaco/Proyectos/SpectatorB/Content/FirstPerson/Meshes/FirstPersonProjectileMaterial.uasset" 734
"../../../../../../Users/jpave/Documents/Joaco/Proyectos/SpectatorB/Content/FirstPerson/Meshes/FirstPersonProjectileMesh.uasset" 735
"../../../../../../Users/jpave/Documents/Joaco/Proyectos/SpectatorB/Content/FirstPersonBP/Blueprints/FirstPersonProjectile.uasset" 736
"../../../../../../Users/jpave/Documents/Joaco/Proyectos/SpectatorB/Content/FirstPerson/FPWeapon/Mesh/SK_FPGun_Skeleton.uasset" 737
"../../../../../../Users/jpave/Documents/Joaco/Proyectos/SpectatorB/Content/FirstPerson/FPWeapon/Textures/T_FPGun_N.uasset" 738
"../../../../../../Users/jpave/Documents/Joaco/Proyectos/SpectatorB/Content/FirstPerson/FPWeapon/Textures/T_FPGun_M.uasset" 739
"../../../../../../Users/jpave/Documents/Joaco/Proyectos/SpectatorB/Content/FirstPerson/FPWeapon/Materials/MaterialLayers/T_ML_Aluminum01_N.uasset" 740
"../../../../../../Users/jpave/Documents/Joaco/Proyectos/SpectatorB/Content/FirstPerson/FPWeapon/Materials/MaterialLayers/T_ML_Aluminum01.uasset" 741
"../../../../../../Users/jpave/Documents/Joaco/Proyectos/SpectatorB/Content/FirstPerson/FPWeapon/Materials/MaterialLayers/ML_SoftMetal_UE4.uasset" 742
"../../../../../../Users/jpave/Documents/Joaco/Proyectos/SpectatorB/Content/FirstPerson/FPWeapon/Materials/MaterialLayers/ML_Screen.uasset" 743
"../../../../../../Users/jpave/Documents/Joaco/Proyectos/SpectatorB/Content/FirstPerson/FPWeapon/Materials/MaterialLayers/ML_Plastic_Shiny_Beige.uasset" 744
"../../../../../../Users/jpave/Documents/Joaco/Proyectos/SpectatorB/Content/FirstPerson/FPWeapon/Materials/MaterialLayers/T_ML_Rubber_Blue_01_N.uasset" 745
"../../../../../../Users/jpave/Documents/Joaco/Proyectos/SpectatorB/Content/FirstPerson/FPWeapon/Materials/MaterialLayers/T_ML_Rubber_Blue_01_D.uasset" 746
"../../../../../../Users/jpave/Documents/Joaco/Proyectos/SpectatorB/Content/FirstPerson/FPWeapon/Materials/MaterialLayers/ML_GlossyBlack_Latex_UE4.uasset" 747
"../../../../../../Users/jpave/Documents/Joaco/Proyectos/SpectatorB/Content/FirstPerson/FPWeapon/Materials/M_FPGun.uasset" 748
"../../../../../../Users/jpave/Documents/Joaco/Proyectos/SpectatorB/Content/FirstPerson/FPWeapon/Mesh/SK_FPGun.uasset" 749
"../../../../../../Users/jpave/Documents/Joaco/Proyectos/SpectatorB/Content/FirstPerson/Character/Mesh/SK_Mannequin_Arms_PhysicsAsset.uasset" 750
"../../../../../../Users/jpave/Documents/Joaco/Proyectos/SpectatorB/Content/FirstPerson/Character/Textures/UE4_Mannequin_MAT_MASKA.uasset" 751
"../../../../../../Users/jpave/Documents/Joaco/Proyectos/SpectatorB/Content/FirstPerson/Character/Textures/UE4_Mannequin__normals.uasset" 752
"../../../../../../Users/jpave/Documents/Joaco/Proyectos/SpectatorB/Content/FirstPerson/Character/Materials/MaterialLayers/T_ML_Aluminum01_N.uasset" 753
"../../../../../../Users/jpave/Documents/Joaco/Proyectos/SpectatorB/Content/FirstPerson/Character/Materials/MaterialLayers/T_ML_Aluminum01.uasset" 754
"../../../../../../Users/jpave/Documents/Joaco/Proyectos/SpectatorB/Content/FirstPerson/Character/Materials/MaterialLayers/ML_SoftMetal_UE4.uasset" 755
"../../../../../../Users/jpave/Documents/Joaco/Proyectos/SpectatorB/Content/FirstPerson/Character/Textures/UE4_LOGO_CARD.uasset" 756
"../../../../../../Users/jpave/Documents/Joaco/Proyectos/SpectatorB/Content/FirstPerson/Character/Materials/MaterialLayers/ML_Plastic_Shiny_Beige_LOGO.uasset" 757
"../../../../../../Users/jpave/Documents/Joaco/Proyectos/SpectatorB/Content/FirstPerson/Character/Materials/MaterialLayers/ML_Plastic_Shiny_Beige.uasset" 758
"../../../../../../Users/jpave/Documents/Joaco/Proyectos/SpectatorB/Content/FirstPerson/Character/Materials/MaterialLayers/T_ML_Rubber_Blue_01_N.uasset" 759
"../../../../../../Users/jpave/Documents/Joaco/Proyectos/SpectatorB/Content/FirstPerson/Character/Materials/MaterialLayers/T_ML_Rubber_Blue_01_D.uasset" 760
"../../../../../../Users/jpave/Documents/Joaco/Proyectos/SpectatorB/Content/FirstPerson/Character/Materials/MaterialLayers/ML_GlossyBlack_Latex_UE4.uasset" 761
"../../../../../../Users/jpave/Documents/Joaco/Proyectos/SpectatorB/Content/FirstPerson/Character/Materials/M_UE4Man_Body.uasset" 762
"../../../../../../Users/jpave/Documents/Joaco/Proyectos/SpectatorB/Content/FirstPerson/Character/Mesh/SK_Mannequin_Arms.uasset" 763
"../../../../../../Users/jpave/Documents/Joaco/Proyectos/SpectatorB/Content/FirstPerson/Audio/FirstPersonTemplateWeaponFire02.uasset" 764
"../../../../../../Users/jpave/Documents/Joaco/Proyectos/SpectatorB/Content/FirstPerson/Animations/FirstPerson_Fire.uasset" 765
"../../../../../../Users/jpave/Documents/Joaco/Proyectos/SpectatorB/Content/FirstPerson/Animations/FirstPersonFire_Montage.uasset" 766
"../../../../../../Users/jpave/Documents/Joaco/Proyectos/SpectatorB/Content/FirstPersonBP/Blueprints/FirstPersonCharacter.uasset" 767
"../../../../../../Users/jpave/Documents/Joaco/Proyectos/SpectatorB/Content/FirstPersonBP/Blueprints/FirstPersonGameMode.uasset" 768
"../../../../../../Users/jpave/Documents/Joaco/Proyectos/SpectatorB/Content/Blueprints/GameBPs/GM_FPSpect.uasset" 769
"../../../../../../Users/jpave/Documents/Joaco/Proyectos/SpectatorB/Content/Maps/Map3.umap" 770
"../../../Engine/Content/Maps/Entry_BuiltData.uasset" 771
"../../../Engine/Content/Maps/Entry.umap" 772
